2021-01-02 22:31:57.725  INFO 22348 --- [main] .e.d.SpringStsEmployeeDetailsApplication : Starting SpringStsEmployeeDetailsApplication using Java 15.0.1 on DESKTOP-8Q96CNP with PID 22348 (C:\Users\it\Documents\workspace-spring-tool-suite-4-4.9.0.RELEASE\SpringSTSEmployeeDetails\target\classes started by it in C:\Users\it\Documents\workspace-spring-tool-suite-4-4.9.0.RELEASE\SpringSTSEmployeeDetails)
2021-01-02 22:31:57.734  INFO 22348 --- [main] .e.d.SpringStsEmployeeDetailsApplication : No active profile set, falling back to default profiles: default
2021-01-02 22:32:03.665  INFO 22348 --- [main] .s.d.r.c.RepositoryConfigurationDelegate : Bootstrapping Spring Data JPA repositories in DEFAULT mode.
2021-01-02 22:32:04.038  INFO 22348 --- [main] .s.d.r.c.RepositoryConfigurationDelegate : Finished Spring Data repository scanning in 312 ms. Found 1 JPA repository interfaces.
2021-01-02 22:32:08.145  INFO 22348 --- [main] o.s.b.w.embedded.tomcat.TomcatWebServer  : Tomcat initialized with port(s): 9090 (http)
2021-01-02 22:32:08.255  INFO 22348 --- [main] o.apache.catalina.core.StandardService   : Starting service [Tomcat]
2021-01-02 22:32:08.256  INFO 22348 --- [main] org.apache.catalina.core.StandardEngine  : Starting Servlet engine: [Apache Tomcat/9.0.41]
2021-01-02 22:32:08.259  INFO 22348 --- [main] o.a.catalina.core.AprLifecycleListener   : Loaded Apache Tomcat Native library [1.2.25] using APR version [1.7.0].
2021-01-02 22:32:08.260  INFO 22348 --- [main] o.a.catalina.core.AprLifecycleListener   : APR capabilities: IPv6 [true], sendfile [true], accept filters [false], random [true].
2021-01-02 22:32:08.261  INFO 22348 --- [main] o.a.catalina.core.AprLifecycleListener   : APR/OpenSSL configuration: useAprConnector [false], useOpenSSL [true]
2021-01-02 22:32:08.515  INFO 22348 --- [main] o.a.catalina.core.AprLifecycleListener   : OpenSSL successfully initialized [OpenSSL 1.1.1g  21 Apr 2020]
2021-01-02 22:32:09.122  INFO 22348 --- [main] o.a.c.c.C.[Tomcat].[localhost].[/]       : Initializing Spring embedded WebApplicationContext
2021-01-02 22:32:09.123  INFO 22348 --- [main] w.s.c.ServletWebServerApplicationContext : Root WebApplicationContext: initialization completed in 10812 ms
2021-01-02 22:32:10.863  INFO 22348 --- [main] o.hibernate.jpa.internal.util.LogHelper  : HHH000204: Processing PersistenceUnitInfo [name: default]
2021-01-02 22:32:11.965  INFO 22348 --- [main] org.hibernate.Version                    : HHH000412: Hibernate ORM core version 5.4.25.Final
2021-01-02 22:32:14.578  INFO 22348 --- [main] o.hibernate.annotations.common.Version   : HCANN000001: Hibernate Commons Annotations {5.1.2.Final}
2021-01-02 22:32:15.616  INFO 22348 --- [main] com.zaxxer.hikari.HikariDataSource       : HikariPool-1 - Starting...
2021-01-02 22:32:30.600  INFO 22348 --- [main] com.zaxxer.hikari.HikariDataSource       : HikariPool-1 - Start completed.
2021-01-02 22:32:31.079  INFO 22348 --- [main] org.hibernate.dialect.Dialect            : HHH000400: Using dialect: org.hibernate.dialect.MySQL5Dialect
2021-01-02 22:32:44.000  INFO 22348 --- [main] o.h.e.t.j.p.i.JtaPlatformInitiator       : HHH000490: Using JtaPlatform implementation: [org.hibernate.engine.transaction.jta.platform.internal.NoJtaPlatform]
2021-01-02 22:32:44.042  INFO 22348 --- [main] j.LocalContainerEntityManagerFactoryBean : Initialized JPA EntityManagerFactory for persistence unit 'default'
2021-01-02 22:32:45.178  WARN 22348 --- [main] JpaBaseConfiguration$JpaWebConfiguration : spring.jpa.open-in-view is enabled by default. Therefore, database queries may be performed during view rendering. Explicitly configure spring.jpa.open-in-view to disable this warning
2021-01-02 22:32:45.451  INFO 22348 --- [main] o.s.s.concurrent.ThreadPoolTaskExecutor  : Initializing ExecutorService 'applicationTaskExecutor'
2021-01-02 22:32:46.344  INFO 22348 --- [main] o.s.b.w.embedded.tomcat.TomcatWebServer  : Tomcat started on port(s): 9090 (http) with context path ''
2021-01-02 22:32:46.358  INFO 22348 --- [main] .e.d.SpringStsEmployeeDetailsApplication : Started SpringStsEmployeeDetailsApplication in 51.885 seconds (JVM running for 57.272)
2021-01-02 22:34:13.598  INFO 22348 --- [http-nio-9090-exec-1] o.a.c.c.C.[Tomcat].[localhost].[/]       : Initializing Spring DispatcherServlet 'dispatcherServlet'
2021-01-02 22:34:13.606  INFO 22348 --- [http-nio-9090-exec-1] o.s.web.servlet.DispatcherServlet        : Initializing Servlet 'dispatcherServlet'
2021-01-02 22:34:13.607  INFO 22348 --- [http-nio-9090-exec-1] o.s.web.servlet.DispatcherServlet        : Completed initialization in 1 ms
2021-01-02 23:09:20.878  INFO 22348 --- [RMI TCP Connection(47)-127.0.0.1] inMXBeanRegistrar$SpringApplicationAdmin : Application shutdown requested.
2021-01-02 23:09:21.968  INFO 22348 --- [RMI TCP Connection(47)-127.0.0.1] o.s.s.concurrent.ThreadPoolTaskExecutor  : Shutting down ExecutorService 'applicationTaskExecutor'
2021-01-02 23:09:21.996  INFO 22348 --- [RMI TCP Connection(47)-127.0.0.1] j.LocalContainerEntityManagerFactoryBean : Closing JPA EntityManagerFactory for persistence unit 'default'
2021-01-02 23:09:22.113  INFO 22348 --- [RMI TCP Connection(47)-127.0.0.1] com.zaxxer.hikari.HikariDataSource       : HikariPool-1 - Shutdown initiated...
2021-01-02 23:09:22.204  INFO 22348 --- [RMI TCP Connection(47)-127.0.0.1] com.zaxxer.hikari.HikariDataSource       : HikariPool-1 - Shutdown completed.
2021-01-02 23:18:45.670  INFO 4792 --- [main] .e.d.SpringStsEmployeeDetailsApplication : Starting SpringStsEmployeeDetailsApplication using Java 15.0.1 on DESKTOP-8Q96CNP with PID 4792 (C:\Users\it\Documents\workspace-spring-tool-suite-4-4.9.0.RELEASE\SpringSTSEmployeeDetails\target\classes started by it in C:\Users\it\Documents\workspace-spring-tool-suite-4-4.9.0.RELEASE\SpringSTSEmployeeDetails)
2021-01-02 23:18:45.704  INFO 4792 --- [main] .e.d.SpringStsEmployeeDetailsApplication : No active profile set, falling back to default profiles: default
2021-01-02 23:18:47.863  INFO 4792 --- [main] .s.d.r.c.RepositoryConfigurationDelegate : Bootstrapping Spring Data JPA repositories in DEFAULT mode.
2021-01-02 23:18:48.335  INFO 4792 --- [main] .s.d.r.c.RepositoryConfigurationDelegate : Finished Spring Data repository scanning in 453 ms. Found 1 JPA repository interfaces.
2021-01-02 23:18:51.010  INFO 4792 --- [main] o.s.b.w.embedded.tomcat.TomcatWebServer  : Tomcat initialized with port(s): 9090 (http)
2021-01-02 23:18:51.033  INFO 4792 --- [main] o.apache.catalina.core.StandardService   : Starting service [Tomcat]
2021-01-02 23:18:51.034  INFO 4792 --- [main] org.apache.catalina.core.StandardEngine  : Starting Servlet engine: [Apache Tomcat/9.0.41]
2021-01-02 23:18:51.035  INFO 4792 --- [main] o.a.catalina.core.AprLifecycleListener   : Loaded Apache Tomcat Native library [1.2.25] using APR version [1.7.0].
2021-01-02 23:18:51.036  INFO 4792 --- [main] o.a.catalina.core.AprLifecycleListener   : APR capabilities: IPv6 [true], sendfile [true], accept filters [false], random [true].
2021-01-02 23:18:51.036  INFO 4792 --- [main] o.a.catalina.core.AprLifecycleListener   : APR/OpenSSL configuration: useAprConnector [false], useOpenSSL [true]
2021-01-02 23:18:52.545  INFO 4792 --- [main] o.a.catalina.core.AprLifecycleListener   : OpenSSL successfully initialized [OpenSSL 1.1.1g  21 Apr 2020]
2021-01-02 23:18:53.235  INFO 4792 --- [main] o.a.c.c.C.[Tomcat].[localhost].[/]       : Initializing Spring embedded WebApplicationContext
2021-01-02 23:18:53.236  INFO 4792 --- [main] w.s.c.ServletWebServerApplicationContext : Root WebApplicationContext: initialization completed in 7437 ms
2021-01-02 23:18:54.691  INFO 4792 --- [main] o.hibernate.jpa.internal.util.LogHelper  : HHH000204: Processing PersistenceUnitInfo [name: default]
2021-01-02 23:18:55.451  INFO 4792 --- [main] org.hibernate.Version                    : HHH000412: Hibernate ORM core version 5.4.25.Final
2021-01-02 23:18:56.413  INFO 4792 --- [main] o.hibernate.annotations.common.Version   : HCANN000001: Hibernate Commons Annotations {5.1.2.Final}
2021-01-02 23:18:56.671  INFO 4792 --- [main] com.zaxxer.hikari.HikariDataSource       : HikariPool-1 - Starting...
2021-01-02 23:18:59.148  INFO 4792 --- [main] com.zaxxer.hikari.HikariDataSource       : HikariPool-1 - Start completed.
2021-01-02 23:18:59.212  INFO 4792 --- [main] org.hibernate.dialect.Dialect            : HHH000400: Using dialect: org.hibernate.dialect.MySQL5Dialect
2021-01-02 23:19:03.235  INFO 4792 --- [main] o.h.e.t.j.p.i.JtaPlatformInitiator       : HHH000490: Using JtaPlatform implementation: [org.hibernate.engine.transaction.jta.platform.internal.NoJtaPlatform]
2021-01-02 23:19:03.263  INFO 4792 --- [main] j.LocalContainerEntityManagerFactoryBean : Initialized JPA EntityManagerFactory for persistence unit 'default'
2021-01-02 23:19:03.827  WARN 4792 --- [main] JpaBaseConfiguration$JpaWebConfiguration : spring.jpa.open-in-view is enabled by default. Therefore, database queries may be performed during view rendering. Explicitly configure spring.jpa.open-in-view to disable this warning
2021-01-02 23:19:04.004  INFO 4792 --- [main] o.s.s.concurrent.ThreadPoolTaskExecutor  : Initializing ExecutorService 'applicationTaskExecutor'
2021-01-02 23:19:04.532  INFO 4792 --- [main] o.s.b.w.embedded.tomcat.TomcatWebServer  : Tomcat started on port(s): 9090 (http) with context path ''
2021-01-02 23:19:04.547  INFO 4792 --- [main] .e.d.SpringStsEmployeeDetailsApplication : Started SpringStsEmployeeDetailsApplication in 20.674 seconds (JVM running for 31.504)
2021-01-02 23:19:22.929  INFO 4792 --- [http-nio-9090-exec-2] o.a.c.c.C.[Tomcat].[localhost].[/]       : Initializing Spring DispatcherServlet 'dispatcherServlet'
2021-01-02 23:19:22.930  INFO 4792 --- [http-nio-9090-exec-2] o.s.web.servlet.DispatcherServlet        : Initializing Servlet 'dispatcherServlet'
2021-01-02 23:19:22.932  INFO 4792 --- [http-nio-9090-exec-2] o.s.web.servlet.DispatcherServlet        : Completed initialization in 2 ms
2021-01-02 23:19:23.808 ERROR 4792 --- [http-nio-9090-exec-2] o.a.c.c.C.[.[.[/].[dispatcherServlet]    : Servlet.service() for servlet [dispatcherServlet] in context with path [] threw exception [Request processing failed; nested exception is com.example.demo.ApplicationException.ApplicationException] with root cause

com.example.demo.ApplicationException.ApplicationException: null
	at com.example.demo.EmployeeController.EmployeeController.readEmployee(EmployeeController.java:51) ~[classes/:na]
	at java.base/jdk.internal.reflect.NativeMethodAccessorImpl.invoke0(Native Method) ~[na:na]
	at java.base/jdk.internal.reflect.NativeMethodAccessorImpl.invoke(NativeMethodAccessorImpl.java:64) ~[na:na]
	at java.base/jdk.internal.reflect.DelegatingMethodAccessorImpl.invoke(DelegatingMethodAccessorImpl.java:43) ~[na:na]
	at java.base/java.lang.reflect.Method.invoke(Method.java:564) ~[na:na]
	at org.springframework.web.method.support.InvocableHandlerMethod.doInvoke(InvocableHandlerMethod.java:197) ~[spring-web-5.3.2.jar:5.3.2]
	at org.springframework.web.method.support.InvocableHandlerMethod.invokeForRequest(InvocableHandlerMethod.java:141) ~[spring-web-5.3.2.jar:5.3.2]
	at org.springframework.web.servlet.mvc.method.annotation.ServletInvocableHandlerMethod.invokeAndHandle(ServletInvocableHandlerMethod.java:106) ~[spring-webmvc-5.3.2.jar:5.3.2]
	at org.springframework.web.servlet.mvc.method.annotation.RequestMappingHandlerAdapter.invokeHandlerMethod(RequestMappingHandlerAdapter.java:894) ~[spring-webmvc-5.3.2.jar:5.3.2]
	at org.springframework.web.servlet.mvc.method.annotation.RequestMappingHandlerAdapter.handleInternal(RequestMappingHandlerAdapter.java:808) ~[spring-webmvc-5.3.2.jar:5.3.2]
	at org.springframework.web.servlet.mvc.method.AbstractHandlerMethodAdapter.handle(AbstractHandlerMethodAdapter.java:87) ~[spring-webmvc-5.3.2.jar:5.3.2]
	at org.springframework.web.servlet.DispatcherServlet.doDispatch(DispatcherServlet.java:1061) ~[spring-webmvc-5.3.2.jar:5.3.2]
	at org.springframework.web.servlet.DispatcherServlet.doService(DispatcherServlet.java:961) ~[spring-webmvc-5.3.2.jar:5.3.2]
	at org.springframework.web.servlet.FrameworkServlet.processRequest(FrameworkServlet.java:1006) ~[spring-webmvc-5.3.2.jar:5.3.2]
	at org.springframework.web.servlet.FrameworkServlet.doGet(FrameworkServlet.java:898) ~[spring-webmvc-5.3.2.jar:5.3.2]
	at javax.servlet.http.HttpServlet.service(HttpServlet.java:626) ~[tomcat-embed-core-9.0.41.jar:4.0.FR]
	at org.springframework.web.servlet.FrameworkServlet.service(FrameworkServlet.java:883) ~[spring-webmvc-5.3.2.jar:5.3.2]
	at javax.servlet.http.HttpServlet.service(HttpServlet.java:733) ~[tomcat-embed-core-9.0.41.jar:4.0.FR]
	at org.apache.catalina.core.ApplicationFilterChain.internalDoFilter(ApplicationFilterChain.java:231) ~[tomcat-embed-core-9.0.41.jar:9.0.41]
	at org.apache.catalina.core.ApplicationFilterChain.doFilter(ApplicationFilterChain.java:166) ~[tomcat-embed-core-9.0.41.jar:9.0.41]
	at org.apache.tomcat.websocket.server.WsFilter.doFilter(WsFilter.java:53) ~[tomcat-embed-websocket-9.0.41.jar:9.0.41]
	at org.apache.catalina.core.ApplicationFilterChain.internalDoFilter(ApplicationFilterChain.java:193) ~[tomcat-embed-core-9.0.41.jar:9.0.41]
	at org.apache.catalina.core.ApplicationFilterChain.doFilter(ApplicationFilterChain.java:166) ~[tomcat-embed-core-9.0.41.jar:9.0.41]
	at org.springframework.web.filter.RequestContextFilter.doFilterInternal(RequestContextFilter.java:100) ~[spring-web-5.3.2.jar:5.3.2]
	at org.springframework.web.filter.OncePerRequestFilter.doFilter(OncePerRequestFilter.java:119) ~[spring-web-5.3.2.jar:5.3.2]
	at org.apache.catalina.core.ApplicationFilterChain.internalDoFilter(ApplicationFilterChain.java:193) ~[tomcat-embed-core-9.0.41.jar:9.0.41]
	at org.apache.catalina.core.ApplicationFilterChain.doFilter(ApplicationFilterChain.java:166) ~[tomcat-embed-core-9.0.41.jar:9.0.41]
	at org.springframework.web.filter.FormContentFilter.doFilterInternal(FormContentFilter.java:93) ~[spring-web-5.3.2.jar:5.3.2]
	at org.springframework.web.filter.OncePerRequestFilter.doFilter(OncePerRequestFilter.java:119) ~[spring-web-5.3.2.jar:5.3.2]
	at org.apache.catalina.core.ApplicationFilterChain.internalDoFilter(ApplicationFilterChain.java:193) ~[tomcat-embed-core-9.0.41.jar:9.0.41]
	at org.apache.catalina.core.ApplicationFilterChain.doFilter(ApplicationFilterChain.java:166) ~[tomcat-embed-core-9.0.41.jar:9.0.41]
	at org.springframework.web.filter.CharacterEncodingFilter.doFilterInternal(CharacterEncodingFilter.java:201) ~[spring-web-5.3.2.jar:5.3.2]
	at org.springframework.web.filter.OncePerRequestFilter.doFilter(OncePerRequestFilter.java:119) ~[spring-web-5.3.2.jar:5.3.2]
	at org.apache.catalina.core.ApplicationFilterChain.internalDoFilter(ApplicationFilterChain.java:193) ~[tomcat-embed-core-9.0.41.jar:9.0.41]
	at org.apache.catalina.core.ApplicationFilterChain.doFilter(ApplicationFilterChain.java:166) ~[tomcat-embed-core-9.0.41.jar:9.0.41]
	at org.apache.catalina.core.StandardWrapperValve.invoke(StandardWrapperValve.java:202) ~[tomcat-embed-core-9.0.41.jar:9.0.41]
	at org.apache.catalina.core.StandardContextValve.invoke(StandardContextValve.java:97) ~[tomcat-embed-core-9.0.41.jar:9.0.41]
	at org.apache.catalina.authenticator.AuthenticatorBase.invoke(AuthenticatorBase.java:542) ~[tomcat-embed-core-9.0.41.jar:9.0.41]
	at org.apache.catalina.core.StandardHostValve.invoke(StandardHostValve.java:143) ~[tomcat-embed-core-9.0.41.jar:9.0.41]
	at org.apache.catalina.valves.ErrorReportValve.invoke(ErrorReportValve.java:92) ~[tomcat-embed-core-9.0.41.jar:9.0.41]
	at org.apache.catalina.core.StandardEngineValve.invoke(StandardEngineValve.java:78) ~[tomcat-embed-core-9.0.41.jar:9.0.41]
	at org.apache.catalina.connector.CoyoteAdapter.service(CoyoteAdapter.java:343) ~[tomcat-embed-core-9.0.41.jar:9.0.41]
	at org.apache.coyote.http11.Http11Processor.service(Http11Processor.java:374) ~[tomcat-embed-core-9.0.41.jar:9.0.41]
	at org.apache.coyote.AbstractProcessorLight.process(AbstractProcessorLight.java:65) ~[tomcat-embed-core-9.0.41.jar:9.0.41]
	at org.apache.coyote.AbstractProtocol$ConnectionHandler.process(AbstractProtocol.java:888) ~[tomcat-embed-core-9.0.41.jar:9.0.41]
	at org.apache.tomcat.util.net.NioEndpoint$SocketProcessor.doRun(NioEndpoint.java:1597) ~[tomcat-embed-core-9.0.41.jar:9.0.41]
	at org.apache.tomcat.util.net.SocketProcessorBase.run(SocketProcessorBase.java:49) ~[tomcat-embed-core-9.0.41.jar:9.0.41]
	at java.base/java.util.concurrent.ThreadPoolExecutor.runWorker(ThreadPoolExecutor.java:1130) ~[na:na]
	at java.base/java.util.concurrent.ThreadPoolExecutor$Worker.run(ThreadPoolExecutor.java:630) ~[na:na]
	at org.apache.tomcat.util.threads.TaskThread$WrappingRunnable.run(TaskThread.java:61) ~[tomcat-embed-core-9.0.41.jar:9.0.41]
	at java.base/java.lang.Thread.run(Thread.java:832) ~[na:na]

2021-01-02 23:22:02.376 ERROR 4792 --- [http-nio-9090-exec-4] o.a.c.c.C.[.[.[/].[dispatcherServlet]    : Servlet.service() for servlet [dispatcherServlet] in context with path [] threw exception [Request processing failed; nested exception is com.example.demo.ApplicationException.ApplicationException] with root cause

com.example.demo.ApplicationException.ApplicationException: null
	at com.example.demo.EmployeeController.EmployeeController.readEmployee(EmployeeController.java:51) ~[classes/:na]
	at java.base/jdk.internal.reflect.NativeMethodAccessorImpl.invoke0(Native Method) ~[na:na]
	at java.base/jdk.internal.reflect.NativeMethodAccessorImpl.invoke(NativeMethodAccessorImpl.java:64) ~[na:na]
	at java.base/jdk.internal.reflect.DelegatingMethodAccessorImpl.invoke(DelegatingMethodAccessorImpl.java:43) ~[na:na]
	at java.base/java.lang.reflect.Method.invoke(Method.java:564) ~[na:na]
	at org.springframework.web.method.support.InvocableHandlerMethod.doInvoke(InvocableHandlerMethod.java:197) ~[spring-web-5.3.2.jar:5.3.2]
	at org.springframework.web.method.support.InvocableHandlerMethod.invokeForRequest(InvocableHandlerMethod.java:141) ~[spring-web-5.3.2.jar:5.3.2]
	at org.springframework.web.servlet.mvc.method.annotation.ServletInvocableHandlerMethod.invokeAndHandle(ServletInvocableHandlerMethod.java:106) ~[spring-webmvc-5.3.2.jar:5.3.2]
	at org.springframework.web.servlet.mvc.method.annotation.RequestMappingHandlerAdapter.invokeHandlerMethod(RequestMappingHandlerAdapter.java:894) ~[spring-webmvc-5.3.2.jar:5.3.2]
	at org.springframework.web.servlet.mvc.method.annotation.RequestMappingHandlerAdapter.handleInternal(RequestMappingHandlerAdapter.java:808) ~[spring-webmvc-5.3.2.jar:5.3.2]
	at org.springframework.web.servlet.mvc.method.AbstractHandlerMethodAdapter.handle(AbstractHandlerMethodAdapter.java:87) ~[spring-webmvc-5.3.2.jar:5.3.2]
	at org.springframework.web.servlet.DispatcherServlet.doDispatch(DispatcherServlet.java:1061) ~[spring-webmvc-5.3.2.jar:5.3.2]
	at org.springframework.web.servlet.DispatcherServlet.doService(DispatcherServlet.java:961) ~[spring-webmvc-5.3.2.jar:5.3.2]
	at org.springframework.web.servlet.FrameworkServlet.processRequest(FrameworkServlet.java:1006) ~[spring-webmvc-5.3.2.jar:5.3.2]
	at org.springframework.web.servlet.FrameworkServlet.doGet(FrameworkServlet.java:898) ~[spring-webmvc-5.3.2.jar:5.3.2]
	at javax.servlet.http.HttpServlet.service(HttpServlet.java:626) ~[tomcat-embed-core-9.0.41.jar:4.0.FR]
	at org.springframework.web.servlet.FrameworkServlet.service(FrameworkServlet.java:883) ~[spring-webmvc-5.3.2.jar:5.3.2]
	at javax.servlet.http.HttpServlet.service(HttpServlet.java:733) ~[tomcat-embed-core-9.0.41.jar:4.0.FR]
	at org.apache.catalina.core.ApplicationFilterChain.internalDoFilter(ApplicationFilterChain.java:231) ~[tomcat-embed-core-9.0.41.jar:9.0.41]
	at org.apache.catalina.core.ApplicationFilterChain.doFilter(ApplicationFilterChain.java:166) ~[tomcat-embed-core-9.0.41.jar:9.0.41]
	at org.apache.tomcat.websocket.server.WsFilter.doFilter(WsFilter.java:53) ~[tomcat-embed-websocket-9.0.41.jar:9.0.41]
	at org.apache.catalina.core.ApplicationFilterChain.internalDoFilter(ApplicationFilterChain.java:193) ~[tomcat-embed-core-9.0.41.jar:9.0.41]
	at org.apache.catalina.core.ApplicationFilterChain.doFilter(ApplicationFilterChain.java:166) ~[tomcat-embed-core-9.0.41.jar:9.0.41]
	at org.springframework.web.filter.RequestContextFilter.doFilterInternal(RequestContextFilter.java:100) ~[spring-web-5.3.2.jar:5.3.2]
	at org.springframework.web.filter.OncePerRequestFilter.doFilter(OncePerRequestFilter.java:119) ~[spring-web-5.3.2.jar:5.3.2]
	at org.apache.catalina.core.ApplicationFilterChain.internalDoFilter(ApplicationFilterChain.java:193) ~[tomcat-embed-core-9.0.41.jar:9.0.41]
	at org.apache.catalina.core.ApplicationFilterChain.doFilter(ApplicationFilterChain.java:166) ~[tomcat-embed-core-9.0.41.jar:9.0.41]
	at org.springframework.web.filter.FormContentFilter.doFilterInternal(FormContentFilter.java:93) ~[spring-web-5.3.2.jar:5.3.2]
	at org.springframework.web.filter.OncePerRequestFilter.doFilter(OncePerRequestFilter.java:119) ~[spring-web-5.3.2.jar:5.3.2]
	at org.apache.catalina.core.ApplicationFilterChain.internalDoFilter(ApplicationFilterChain.java:193) ~[tomcat-embed-core-9.0.41.jar:9.0.41]
	at org.apache.catalina.core.ApplicationFilterChain.doFilter(ApplicationFilterChain.java:166) ~[tomcat-embed-core-9.0.41.jar:9.0.41]
	at org.springframework.web.filter.CharacterEncodingFilter.doFilterInternal(CharacterEncodingFilter.java:201) ~[spring-web-5.3.2.jar:5.3.2]
	at org.springframework.web.filter.OncePerRequestFilter.doFilter(OncePerRequestFilter.java:119) ~[spring-web-5.3.2.jar:5.3.2]
	at org.apache.catalina.core.ApplicationFilterChain.internalDoFilter(ApplicationFilterChain.java:193) ~[tomcat-embed-core-9.0.41.jar:9.0.41]
	at org.apache.catalina.core.ApplicationFilterChain.doFilter(ApplicationFilterChain.java:166) ~[tomcat-embed-core-9.0.41.jar:9.0.41]
	at org.apache.catalina.core.StandardWrapperValve.invoke(StandardWrapperValve.java:202) ~[tomcat-embed-core-9.0.41.jar:9.0.41]
	at org.apache.catalina.core.StandardContextValve.invoke(StandardContextValve.java:97) ~[tomcat-embed-core-9.0.41.jar:9.0.41]
	at org.apache.catalina.authenticator.AuthenticatorBase.invoke(AuthenticatorBase.java:542) ~[tomcat-embed-core-9.0.41.jar:9.0.41]
	at org.apache.catalina.core.StandardHostValve.invoke(StandardHostValve.java:143) ~[tomcat-embed-core-9.0.41.jar:9.0.41]
	at org.apache.catalina.valves.ErrorReportValve.invoke(ErrorReportValve.java:92) ~[tomcat-embed-core-9.0.41.jar:9.0.41]
	at org.apache.catalina.core.StandardEngineValve.invoke(StandardEngineValve.java:78) ~[tomcat-embed-core-9.0.41.jar:9.0.41]
	at org.apache.catalina.connector.CoyoteAdapter.service(CoyoteAdapter.java:343) ~[tomcat-embed-core-9.0.41.jar:9.0.41]
	at org.apache.coyote.http11.Http11Processor.service(Http11Processor.java:374) ~[tomcat-embed-core-9.0.41.jar:9.0.41]
	at org.apache.coyote.AbstractProcessorLight.process(AbstractProcessorLight.java:65) ~[tomcat-embed-core-9.0.41.jar:9.0.41]
	at org.apache.coyote.AbstractProtocol$ConnectionHandler.process(AbstractProtocol.java:888) ~[tomcat-embed-core-9.0.41.jar:9.0.41]
	at org.apache.tomcat.util.net.NioEndpoint$SocketProcessor.doRun(NioEndpoint.java:1597) ~[tomcat-embed-core-9.0.41.jar:9.0.41]
	at org.apache.tomcat.util.net.SocketProcessorBase.run(SocketProcessorBase.java:49) ~[tomcat-embed-core-9.0.41.jar:9.0.41]
	at java.base/java.util.concurrent.ThreadPoolExecutor.runWorker(ThreadPoolExecutor.java:1130) ~[na:na]
	at java.base/java.util.concurrent.ThreadPoolExecutor$Worker.run(ThreadPoolExecutor.java:630) ~[na:na]
	at org.apache.tomcat.util.threads.TaskThread$WrappingRunnable.run(TaskThread.java:61) ~[tomcat-embed-core-9.0.41.jar:9.0.41]
	at java.base/java.lang.Thread.run(Thread.java:832) ~[na:na]

2021-01-02 23:22:05.357 ERROR 4792 --- [http-nio-9090-exec-6] o.a.c.c.C.[.[.[/].[dispatcherServlet]    : Servlet.service() for servlet [dispatcherServlet] in context with path [] threw exception [Request processing failed; nested exception is com.example.demo.ApplicationException.ApplicationException] with root cause

com.example.demo.ApplicationException.ApplicationException: null
	at com.example.demo.EmployeeController.EmployeeController.readEmployee(EmployeeController.java:51) ~[classes/:na]
	at java.base/jdk.internal.reflect.NativeMethodAccessorImpl.invoke0(Native Method) ~[na:na]
	at java.base/jdk.internal.reflect.NativeMethodAccessorImpl.invoke(NativeMethodAccessorImpl.java:64) ~[na:na]
	at java.base/jdk.internal.reflect.DelegatingMethodAccessorImpl.invoke(DelegatingMethodAccessorImpl.java:43) ~[na:na]
	at java.base/java.lang.reflect.Method.invoke(Method.java:564) ~[na:na]
	at org.springframework.web.method.support.InvocableHandlerMethod.doInvoke(InvocableHandlerMethod.java:197) ~[spring-web-5.3.2.jar:5.3.2]
	at org.springframework.web.method.support.InvocableHandlerMethod.invokeForRequest(InvocableHandlerMethod.java:141) ~[spring-web-5.3.2.jar:5.3.2]
	at org.springframework.web.servlet.mvc.method.annotation.ServletInvocableHandlerMethod.invokeAndHandle(ServletInvocableHandlerMethod.java:106) ~[spring-webmvc-5.3.2.jar:5.3.2]
	at org.springframework.web.servlet.mvc.method.annotation.RequestMappingHandlerAdapter.invokeHandlerMethod(RequestMappingHandlerAdapter.java:894) ~[spring-webmvc-5.3.2.jar:5.3.2]
	at org.springframework.web.servlet.mvc.method.annotation.RequestMappingHandlerAdapter.handleInternal(RequestMappingHandlerAdapter.java:808) ~[spring-webmvc-5.3.2.jar:5.3.2]
	at org.springframework.web.servlet.mvc.method.AbstractHandlerMethodAdapter.handle(AbstractHandlerMethodAdapter.java:87) ~[spring-webmvc-5.3.2.jar:5.3.2]
	at org.springframework.web.servlet.DispatcherServlet.doDispatch(DispatcherServlet.java:1061) ~[spring-webmvc-5.3.2.jar:5.3.2]
	at org.springframework.web.servlet.DispatcherServlet.doService(DispatcherServlet.java:961) ~[spring-webmvc-5.3.2.jar:5.3.2]
	at org.springframework.web.servlet.FrameworkServlet.processRequest(FrameworkServlet.java:1006) ~[spring-webmvc-5.3.2.jar:5.3.2]
	at org.springframework.web.servlet.FrameworkServlet.doGet(FrameworkServlet.java:898) ~[spring-webmvc-5.3.2.jar:5.3.2]
	at javax.servlet.http.HttpServlet.service(HttpServlet.java:626) ~[tomcat-embed-core-9.0.41.jar:4.0.FR]
	at org.springframework.web.servlet.FrameworkServlet.service(FrameworkServlet.java:883) ~[spring-webmvc-5.3.2.jar:5.3.2]
	at javax.servlet.http.HttpServlet.service(HttpServlet.java:733) ~[tomcat-embed-core-9.0.41.jar:4.0.FR]
	at org.apache.catalina.core.ApplicationFilterChain.internalDoFilter(ApplicationFilterChain.java:231) ~[tomcat-embed-core-9.0.41.jar:9.0.41]
	at org.apache.catalina.core.ApplicationFilterChain.doFilter(ApplicationFilterChain.java:166) ~[tomcat-embed-core-9.0.41.jar:9.0.41]
	at org.apache.tomcat.websocket.server.WsFilter.doFilter(WsFilter.java:53) ~[tomcat-embed-websocket-9.0.41.jar:9.0.41]
	at org.apache.catalina.core.ApplicationFilterChain.internalDoFilter(ApplicationFilterChain.java:193) ~[tomcat-embed-core-9.0.41.jar:9.0.41]
	at org.apache.catalina.core.ApplicationFilterChain.doFilter(ApplicationFilterChain.java:166) ~[tomcat-embed-core-9.0.41.jar:9.0.41]
	at org.springframework.web.filter.RequestContextFilter.doFilterInternal(RequestContextFilter.java:100) ~[spring-web-5.3.2.jar:5.3.2]
	at org.springframework.web.filter.OncePerRequestFilter.doFilter(OncePerRequestFilter.java:119) ~[spring-web-5.3.2.jar:5.3.2]
	at org.apache.catalina.core.ApplicationFilterChain.internalDoFilter(ApplicationFilterChain.java:193) ~[tomcat-embed-core-9.0.41.jar:9.0.41]
	at org.apache.catalina.core.ApplicationFilterChain.doFilter(ApplicationFilterChain.java:166) ~[tomcat-embed-core-9.0.41.jar:9.0.41]
	at org.springframework.web.filter.FormContentFilter.doFilterInternal(FormContentFilter.java:93) ~[spring-web-5.3.2.jar:5.3.2]
	at org.springframework.web.filter.OncePerRequestFilter.doFilter(OncePerRequestFilter.java:119) ~[spring-web-5.3.2.jar:5.3.2]
	at org.apache.catalina.core.ApplicationFilterChain.internalDoFilter(ApplicationFilterChain.java:193) ~[tomcat-embed-core-9.0.41.jar:9.0.41]
	at org.apache.catalina.core.ApplicationFilterChain.doFilter(ApplicationFilterChain.java:166) ~[tomcat-embed-core-9.0.41.jar:9.0.41]
	at org.springframework.web.filter.CharacterEncodingFilter.doFilterInternal(CharacterEncodingFilter.java:201) ~[spring-web-5.3.2.jar:5.3.2]
	at org.springframework.web.filter.OncePerRequestFilter.doFilter(OncePerRequestFilter.java:119) ~[spring-web-5.3.2.jar:5.3.2]
	at org.apache.catalina.core.ApplicationFilterChain.internalDoFilter(ApplicationFilterChain.java:193) ~[tomcat-embed-core-9.0.41.jar:9.0.41]
	at org.apache.catalina.core.ApplicationFilterChain.doFilter(ApplicationFilterChain.java:166) ~[tomcat-embed-core-9.0.41.jar:9.0.41]
	at org.apache.catalina.core.StandardWrapperValve.invoke(StandardWrapperValve.java:202) ~[tomcat-embed-core-9.0.41.jar:9.0.41]
	at org.apache.catalina.core.StandardContextValve.invoke(StandardContextValve.java:97) ~[tomcat-embed-core-9.0.41.jar:9.0.41]
	at org.apache.catalina.authenticator.AuthenticatorBase.invoke(AuthenticatorBase.java:542) ~[tomcat-embed-core-9.0.41.jar:9.0.41]
	at org.apache.catalina.core.StandardHostValve.invoke(StandardHostValve.java:143) ~[tomcat-embed-core-9.0.41.jar:9.0.41]
	at org.apache.catalina.valves.ErrorReportValve.invoke(ErrorReportValve.java:92) ~[tomcat-embed-core-9.0.41.jar:9.0.41]
	at org.apache.catalina.core.StandardEngineValve.invoke(StandardEngineValve.java:78) ~[tomcat-embed-core-9.0.41.jar:9.0.41]
	at org.apache.catalina.connector.CoyoteAdapter.service(CoyoteAdapter.java:343) ~[tomcat-embed-core-9.0.41.jar:9.0.41]
	at org.apache.coyote.http11.Http11Processor.service(Http11Processor.java:374) ~[tomcat-embed-core-9.0.41.jar:9.0.41]
	at org.apache.coyote.AbstractProcessorLight.process(AbstractProcessorLight.java:65) ~[tomcat-embed-core-9.0.41.jar:9.0.41]
	at org.apache.coyote.AbstractProtocol$ConnectionHandler.process(AbstractProtocol.java:888) ~[tomcat-embed-core-9.0.41.jar:9.0.41]
	at org.apache.tomcat.util.net.NioEndpoint$SocketProcessor.doRun(NioEndpoint.java:1597) ~[tomcat-embed-core-9.0.41.jar:9.0.41]
	at org.apache.tomcat.util.net.SocketProcessorBase.run(SocketProcessorBase.java:49) ~[tomcat-embed-core-9.0.41.jar:9.0.41]
	at java.base/java.util.concurrent.ThreadPoolExecutor.runWorker(ThreadPoolExecutor.java:1130) ~[na:na]
	at java.base/java.util.concurrent.ThreadPoolExecutor$Worker.run(ThreadPoolExecutor.java:630) ~[na:na]
	at org.apache.tomcat.util.threads.TaskThread$WrappingRunnable.run(TaskThread.java:61) ~[tomcat-embed-core-9.0.41.jar:9.0.41]
	at java.base/java.lang.Thread.run(Thread.java:832) ~[na:na]

2021-01-02 23:22:11.184  INFO 4792 --- [RMI TCP Connection(13)-127.0.0.1] inMXBeanRegistrar$SpringApplicationAdmin : Application shutdown requested.
2021-01-02 23:22:11.274  INFO 4792 --- [RMI TCP Connection(13)-127.0.0.1] o.s.s.concurrent.ThreadPoolTaskExecutor  : Shutting down ExecutorService 'applicationTaskExecutor'
2021-01-02 23:22:11.276  INFO 4792 --- [RMI TCP Connection(13)-127.0.0.1] j.LocalContainerEntityManagerFactoryBean : Closing JPA EntityManagerFactory for persistence unit 'default'
2021-01-02 23:22:11.279  INFO 4792 --- [RMI TCP Connection(13)-127.0.0.1] com.zaxxer.hikari.HikariDataSource       : HikariPool-1 - Shutdown initiated...
2021-01-02 23:22:11.377  INFO 4792 --- [RMI TCP Connection(13)-127.0.0.1] com.zaxxer.hikari.HikariDataSource       : HikariPool-1 - Shutdown completed.
2021-01-02 23:22:20.726  INFO 14696 --- [main] .e.d.SpringStsEmployeeDetailsApplication : Starting SpringStsEmployeeDetailsApplication using Java 15.0.1 on DESKTOP-8Q96CNP with PID 14696 (C:\Users\it\Documents\workspace-spring-tool-suite-4-4.9.0.RELEASE\SpringSTSEmployeeDetails\target\classes started by it in C:\Users\it\Documents\workspace-spring-tool-suite-4-4.9.0.RELEASE\SpringSTSEmployeeDetails)
2021-01-02 23:22:20.729  INFO 14696 --- [main] .e.d.SpringStsEmployeeDetailsApplication : No active profile set, falling back to default profiles: default
2021-01-02 23:22:21.800  INFO 14696 --- [main] .s.d.r.c.RepositoryConfigurationDelegate : Bootstrapping Spring Data JPA repositories in DEFAULT mode.
2021-01-02 23:22:21.912  INFO 14696 --- [main] .s.d.r.c.RepositoryConfigurationDelegate : Finished Spring Data repository scanning in 97 ms. Found 1 JPA repository interfaces.
2021-01-02 23:22:22.789  INFO 14696 --- [main] o.s.b.w.embedded.tomcat.TomcatWebServer  : Tomcat initialized with port(s): 9090 (http)
2021-01-02 23:22:22.812  INFO 14696 --- [main] o.apache.catalina.core.StandardService   : Starting service [Tomcat]
2021-01-02 23:22:22.813  INFO 14696 --- [main] org.apache.catalina.core.StandardEngine  : Starting Servlet engine: [Apache Tomcat/9.0.41]
2021-01-02 23:22:22.814  INFO 14696 --- [main] o.a.catalina.core.AprLifecycleListener   : Loaded Apache Tomcat Native library [1.2.25] using APR version [1.7.0].
2021-01-02 23:22:22.815  INFO 14696 --- [main] o.a.catalina.core.AprLifecycleListener   : APR capabilities: IPv6 [true], sendfile [true], accept filters [false], random [true].
2021-01-02 23:22:22.815  INFO 14696 --- [main] o.a.catalina.core.AprLifecycleListener   : APR/OpenSSL configuration: useAprConnector [false], useOpenSSL [true]
2021-01-02 23:22:22.829  INFO 14696 --- [main] o.a.catalina.core.AprLifecycleListener   : OpenSSL successfully initialized [OpenSSL 1.1.1g  21 Apr 2020]
2021-01-02 23:22:23.073  INFO 14696 --- [main] o.a.c.c.C.[Tomcat].[localhost].[/]       : Initializing Spring embedded WebApplicationContext
2021-01-02 23:22:23.074  INFO 14696 --- [main] w.s.c.ServletWebServerApplicationContext : Root WebApplicationContext: initialization completed in 2274 ms
2021-01-02 23:22:23.478  INFO 14696 --- [main] o.hibernate.jpa.internal.util.LogHelper  : HHH000204: Processing PersistenceUnitInfo [name: default]
2021-01-02 23:22:23.783  INFO 14696 --- [main] org.hibernate.Version                    : HHH000412: Hibernate ORM core version 5.4.25.Final
2021-01-02 23:22:24.603  INFO 14696 --- [main] o.hibernate.annotations.common.Version   : HCANN000001: Hibernate Commons Annotations {5.1.2.Final}
2021-01-02 23:22:24.999  INFO 14696 --- [main] com.zaxxer.hikari.HikariDataSource       : HikariPool-1 - Starting...
2021-01-02 23:22:25.703  INFO 14696 --- [main] com.zaxxer.hikari.HikariDataSource       : HikariPool-1 - Start completed.
2021-01-02 23:22:25.786  INFO 14696 --- [main] org.hibernate.dialect.Dialect            : HHH000400: Using dialect: org.hibernate.dialect.MySQL5Dialect
2021-01-02 23:22:28.073  INFO 14696 --- [main] o.h.e.t.j.p.i.JtaPlatformInitiator       : HHH000490: Using JtaPlatform implementation: [org.hibernate.engine.transaction.jta.platform.internal.NoJtaPlatform]
2021-01-02 23:22:28.083  INFO 14696 --- [main] j.LocalContainerEntityManagerFactoryBean : Initialized JPA EntityManagerFactory for persistence unit 'default'
2021-01-02 23:22:28.589  WARN 14696 --- [main] JpaBaseConfiguration$JpaWebConfiguration : spring.jpa.open-in-view is enabled by default. Therefore, database queries may be performed during view rendering. Explicitly configure spring.jpa.open-in-view to disable this warning
2021-01-02 23:22:28.720  INFO 14696 --- [main] o.s.s.concurrent.ThreadPoolTaskExecutor  : Initializing ExecutorService 'applicationTaskExecutor'
2021-01-02 23:22:29.007  INFO 14696 --- [main] o.s.b.w.embedded.tomcat.TomcatWebServer  : Tomcat started on port(s): 9090 (http) with context path ''
2021-01-02 23:22:29.016  INFO 14696 --- [main] .e.d.SpringStsEmployeeDetailsApplication : Started SpringStsEmployeeDetailsApplication in 8.799 seconds (JVM running for 9.954)
2021-01-02 23:23:04.706  INFO 14696 --- [http-nio-9090-exec-1] o.a.c.c.C.[Tomcat].[localhost].[/]       : Initializing Spring DispatcherServlet 'dispatcherServlet'
2021-01-02 23:23:04.707  INFO 14696 --- [http-nio-9090-exec-1] o.s.web.servlet.DispatcherServlet        : Initializing Servlet 'dispatcherServlet'
2021-01-02 23:23:04.708  INFO 14696 --- [http-nio-9090-exec-1] o.s.web.servlet.DispatcherServlet        : Completed initialization in 1 ms
2021-01-02 23:24:53.381  INFO 14696 --- [RMI TCP Connection(9)-127.0.0.1] inMXBeanRegistrar$SpringApplicationAdmin : Application shutdown requested.
2021-01-02 23:24:53.409  INFO 14696 --- [RMI TCP Connection(9)-127.0.0.1] o.s.s.concurrent.ThreadPoolTaskExecutor  : Shutting down ExecutorService 'applicationTaskExecutor'
2021-01-02 23:24:53.410  INFO 14696 --- [RMI TCP Connection(9)-127.0.0.1] j.LocalContainerEntityManagerFactoryBean : Closing JPA EntityManagerFactory for persistence unit 'default'
2021-01-02 23:24:53.413  INFO 14696 --- [RMI TCP Connection(9)-127.0.0.1] com.zaxxer.hikari.HikariDataSource       : HikariPool-1 - Shutdown initiated...
2021-01-02 23:24:53.494  INFO 14696 --- [RMI TCP Connection(9)-127.0.0.1] com.zaxxer.hikari.HikariDataSource       : HikariPool-1 - Shutdown completed.
2021-01-02 23:25:13.208  INFO 12812 --- [main] .e.d.SpringStsEmployeeDetailsApplication : Starting SpringStsEmployeeDetailsApplication using Java 15.0.1 on DESKTOP-8Q96CNP with PID 12812 (C:\Users\it\Documents\workspace-spring-tool-suite-4-4.9.0.RELEASE\SpringSTSEmployeeDetails\target\classes started by it in C:\Users\it\Documents\workspace-spring-tool-suite-4-4.9.0.RELEASE\SpringSTSEmployeeDetails)
2021-01-02 23:25:13.213  INFO 12812 --- [main] .e.d.SpringStsEmployeeDetailsApplication : No active profile set, falling back to default profiles: default
2021-01-02 23:25:13.923  INFO 12812 --- [main] .s.d.r.c.RepositoryConfigurationDelegate : Bootstrapping Spring Data JPA repositories in DEFAULT mode.
2021-01-02 23:25:13.981  INFO 12812 --- [main] .s.d.r.c.RepositoryConfigurationDelegate : Finished Spring Data repository scanning in 48 ms. Found 1 JPA repository interfaces.
2021-01-02 23:25:14.505  INFO 12812 --- [main] o.s.b.w.embedded.tomcat.TomcatWebServer  : Tomcat initialized with port(s): 9090 (http)
2021-01-02 23:25:14.515  INFO 12812 --- [main] o.apache.catalina.core.StandardService   : Starting service [Tomcat]
2021-01-02 23:25:14.515  INFO 12812 --- [main] org.apache.catalina.core.StandardEngine  : Starting Servlet engine: [Apache Tomcat/9.0.41]
2021-01-02 23:25:14.517  INFO 12812 --- [main] o.a.catalina.core.AprLifecycleListener   : Loaded Apache Tomcat Native library [1.2.25] using APR version [1.7.0].
2021-01-02 23:25:14.517  INFO 12812 --- [main] o.a.catalina.core.AprLifecycleListener   : APR capabilities: IPv6 [true], sendfile [true], accept filters [false], random [true].
2021-01-02 23:25:14.517  INFO 12812 --- [main] o.a.catalina.core.AprLifecycleListener   : APR/OpenSSL configuration: useAprConnector [false], useOpenSSL [true]
2021-01-02 23:25:14.521  INFO 12812 --- [main] o.a.catalina.core.AprLifecycleListener   : OpenSSL successfully initialized [OpenSSL 1.1.1g  21 Apr 2020]
2021-01-02 23:25:14.653  INFO 12812 --- [main] o.a.c.c.C.[Tomcat].[localhost].[/]       : Initializing Spring embedded WebApplicationContext
2021-01-02 23:25:14.653  INFO 12812 --- [main] w.s.c.ServletWebServerApplicationContext : Root WebApplicationContext: initialization completed in 1375 ms
2021-01-02 23:25:14.920  INFO 12812 --- [main] o.hibernate.jpa.internal.util.LogHelper  : HHH000204: Processing PersistenceUnitInfo [name: default]
2021-01-02 23:25:14.985  INFO 12812 --- [main] org.hibernate.Version                    : HHH000412: Hibernate ORM core version 5.4.25.Final
2021-01-02 23:25:15.159  INFO 12812 --- [main] o.hibernate.annotations.common.Version   : HCANN000001: Hibernate Commons Annotations {5.1.2.Final}
2021-01-02 23:25:15.367  INFO 12812 --- [main] com.zaxxer.hikari.HikariDataSource       : HikariPool-1 - Starting...
2021-01-02 23:25:16.282  INFO 12812 --- [main] com.zaxxer.hikari.HikariDataSource       : HikariPool-1 - Start completed.
2021-01-02 23:25:16.308  INFO 12812 --- [main] org.hibernate.dialect.Dialect            : HHH000400: Using dialect: org.hibernate.dialect.MySQL5Dialect
2021-01-02 23:25:18.152  INFO 12812 --- [main] o.h.e.t.j.p.i.JtaPlatformInitiator       : HHH000490: Using JtaPlatform implementation: [org.hibernate.engine.transaction.jta.platform.internal.NoJtaPlatform]
2021-01-02 23:25:18.177  INFO 12812 --- [main] j.LocalContainerEntityManagerFactoryBean : Initialized JPA EntityManagerFactory for persistence unit 'default'
2021-01-02 23:25:18.667  WARN 12812 --- [main] JpaBaseConfiguration$JpaWebConfiguration : spring.jpa.open-in-view is enabled by default. Therefore, database queries may be performed during view rendering. Explicitly configure spring.jpa.open-in-view to disable this warning
2021-01-02 23:25:18.806  INFO 12812 --- [main] o.s.s.concurrent.ThreadPoolTaskExecutor  : Initializing ExecutorService 'applicationTaskExecutor'
2021-01-02 23:25:19.049  INFO 12812 --- [main] o.s.b.w.embedded.tomcat.TomcatWebServer  : Tomcat started on port(s): 9090 (http) with context path ''
2021-01-02 23:25:19.057  INFO 12812 --- [main] .e.d.SpringStsEmployeeDetailsApplication : Started SpringStsEmployeeDetailsApplication in 6.276 seconds (JVM running for 7.071)
2021-01-02 23:25:25.368  INFO 12812 --- [http-nio-9090-exec-2] o.a.c.c.C.[Tomcat].[localhost].[/]       : Initializing Spring DispatcherServlet 'dispatcherServlet'
2021-01-02 23:25:25.369  INFO 12812 --- [http-nio-9090-exec-2] o.s.web.servlet.DispatcherServlet        : Initializing Servlet 'dispatcherServlet'
2021-01-02 23:25:25.371  INFO 12812 --- [http-nio-9090-exec-2] o.s.web.servlet.DispatcherServlet        : Completed initialization in 2 ms
2021-01-02 23:28:55.361  INFO 12812 --- [RMI TCP Connection(13)-127.0.0.1] inMXBeanRegistrar$SpringApplicationAdmin : Application shutdown requested.
2021-01-02 23:28:55.389  INFO 12812 --- [RMI TCP Connection(13)-127.0.0.1] o.s.s.concurrent.ThreadPoolTaskExecutor  : Shutting down ExecutorService 'applicationTaskExecutor'
2021-01-02 23:28:55.390  INFO 12812 --- [RMI TCP Connection(13)-127.0.0.1] j.LocalContainerEntityManagerFactoryBean : Closing JPA EntityManagerFactory for persistence unit 'default'
2021-01-02 23:28:55.393  INFO 12812 --- [RMI TCP Connection(13)-127.0.0.1] com.zaxxer.hikari.HikariDataSource       : HikariPool-1 - Shutdown initiated...
2021-01-02 23:28:55.448  INFO 12812 --- [RMI TCP Connection(13)-127.0.0.1] com.zaxxer.hikari.HikariDataSource       : HikariPool-1 - Shutdown completed.
2021-01-02 23:29:01.963  INFO 12784 --- [main] .e.d.SpringStsEmployeeDetailsApplication : Starting SpringStsEmployeeDetailsApplication using Java 15.0.1 on DESKTOP-8Q96CNP with PID 12784 (C:\Users\it\Documents\workspace-spring-tool-suite-4-4.9.0.RELEASE\SpringSTSEmployeeDetails\target\classes started by it in C:\Users\it\Documents\workspace-spring-tool-suite-4-4.9.0.RELEASE\SpringSTSEmployeeDetails)
2021-01-02 23:29:01.966  INFO 12784 --- [main] .e.d.SpringStsEmployeeDetailsApplication : No active profile set, falling back to default profiles: default
2021-01-02 23:29:02.697  INFO 12784 --- [main] .s.d.r.c.RepositoryConfigurationDelegate : Bootstrapping Spring Data JPA repositories in DEFAULT mode.
2021-01-02 23:29:02.756  INFO 12784 --- [main] .s.d.r.c.RepositoryConfigurationDelegate : Finished Spring Data repository scanning in 50 ms. Found 1 JPA repository interfaces.
2021-01-02 23:29:03.274  INFO 12784 --- [main] o.s.b.w.embedded.tomcat.TomcatWebServer  : Tomcat initialized with port(s): 9090 (http)
2021-01-02 23:29:03.284  INFO 12784 --- [main] o.apache.catalina.core.StandardService   : Starting service [Tomcat]
2021-01-02 23:29:03.285  INFO 12784 --- [main] org.apache.catalina.core.StandardEngine  : Starting Servlet engine: [Apache Tomcat/9.0.41]
2021-01-02 23:29:03.286  INFO 12784 --- [main] o.a.catalina.core.AprLifecycleListener   : Loaded Apache Tomcat Native library [1.2.25] using APR version [1.7.0].
2021-01-02 23:29:03.287  INFO 12784 --- [main] o.a.catalina.core.AprLifecycleListener   : APR capabilities: IPv6 [true], sendfile [true], accept filters [false], random [true].
2021-01-02 23:29:03.287  INFO 12784 --- [main] o.a.catalina.core.AprLifecycleListener   : APR/OpenSSL configuration: useAprConnector [false], useOpenSSL [true]
2021-01-02 23:29:03.291  INFO 12784 --- [main] o.a.catalina.core.AprLifecycleListener   : OpenSSL successfully initialized [OpenSSL 1.1.1g  21 Apr 2020]
2021-01-02 23:29:03.477  INFO 12784 --- [main] o.a.c.c.C.[Tomcat].[localhost].[/]       : Initializing Spring embedded WebApplicationContext
2021-01-02 23:29:03.477  INFO 12784 --- [main] w.s.c.ServletWebServerApplicationContext : Root WebApplicationContext: initialization completed in 1452 ms
2021-01-02 23:29:03.768  INFO 12784 --- [main] o.hibernate.jpa.internal.util.LogHelper  : HHH000204: Processing PersistenceUnitInfo [name: default]
2021-01-02 23:29:03.834  INFO 12784 --- [main] org.hibernate.Version                    : HHH000412: Hibernate ORM core version 5.4.25.Final
2021-01-02 23:29:04.179  INFO 12784 --- [main] o.hibernate.annotations.common.Version   : HCANN000001: Hibernate Commons Annotations {5.1.2.Final}
2021-01-02 23:29:04.347  INFO 12784 --- [main] com.zaxxer.hikari.HikariDataSource       : HikariPool-1 - Starting...
2021-01-02 23:29:04.937  INFO 12784 --- [main] com.zaxxer.hikari.HikariDataSource       : HikariPool-1 - Start completed.
2021-01-02 23:29:04.954  INFO 12784 --- [main] org.hibernate.dialect.Dialect            : HHH000400: Using dialect: org.hibernate.dialect.MySQL5Dialect
2021-01-02 23:29:05.912  INFO 12784 --- [main] o.h.e.t.j.p.i.JtaPlatformInitiator       : HHH000490: Using JtaPlatform implementation: [org.hibernate.engine.transaction.jta.platform.internal.NoJtaPlatform]
2021-01-02 23:29:05.932  INFO 12784 --- [main] j.LocalContainerEntityManagerFactoryBean : Initialized JPA EntityManagerFactory for persistence unit 'default'
2021-01-02 23:29:06.376  WARN 12784 --- [main] JpaBaseConfiguration$JpaWebConfiguration : spring.jpa.open-in-view is enabled by default. Therefore, database queries may be performed during view rendering. Explicitly configure spring.jpa.open-in-view to disable this warning
2021-01-02 23:29:06.487  INFO 12784 --- [main] o.s.s.concurrent.ThreadPoolTaskExecutor  : Initializing ExecutorService 'applicationTaskExecutor'
2021-01-02 23:29:06.749  INFO 12784 --- [main] o.s.b.w.embedded.tomcat.TomcatWebServer  : Tomcat started on port(s): 9090 (http) with context path ''
2021-01-02 23:29:06.759  INFO 12784 --- [main] .e.d.SpringStsEmployeeDetailsApplication : Started SpringStsEmployeeDetailsApplication in 5.24 seconds (JVM running for 5.999)
2021-01-02 23:29:16.526  INFO 12784 --- [http-nio-9090-exec-1] o.a.c.c.C.[Tomcat].[localhost].[/]       : Initializing Spring DispatcherServlet 'dispatcherServlet'
2021-01-02 23:29:16.527  INFO 12784 --- [http-nio-9090-exec-1] o.s.web.servlet.DispatcherServlet        : Initializing Servlet 'dispatcherServlet'
2021-01-02 23:29:16.529  INFO 12784 --- [http-nio-9090-exec-1] o.s.web.servlet.DispatcherServlet        : Completed initialization in 2 ms
2021-01-02 23:29:39.824  INFO 12784 --- [RMI TCP Connection(8)-127.0.0.1] inMXBeanRegistrar$SpringApplicationAdmin : Application shutdown requested.
2021-01-02 23:29:39.852  INFO 12784 --- [RMI TCP Connection(8)-127.0.0.1] o.s.s.concurrent.ThreadPoolTaskExecutor  : Shutting down ExecutorService 'applicationTaskExecutor'
2021-01-02 23:29:39.853  INFO 12784 --- [RMI TCP Connection(8)-127.0.0.1] j.LocalContainerEntityManagerFactoryBean : Closing JPA EntityManagerFactory for persistence unit 'default'
2021-01-02 23:29:39.856  INFO 12784 --- [RMI TCP Connection(8)-127.0.0.1] com.zaxxer.hikari.HikariDataSource       : HikariPool-1 - Shutdown initiated...
2021-01-02 23:29:39.916  INFO 12784 --- [RMI TCP Connection(8)-127.0.0.1] com.zaxxer.hikari.HikariDataSource       : HikariPool-1 - Shutdown completed.
2021-01-02 23:29:45.354  INFO 7428 --- [main] .e.d.SpringStsEmployeeDetailsApplication : Starting SpringStsEmployeeDetailsApplication using Java 15.0.1 on DESKTOP-8Q96CNP with PID 7428 (C:\Users\it\Documents\workspace-spring-tool-suite-4-4.9.0.RELEASE\SpringSTSEmployeeDetails\target\classes started by it in C:\Users\it\Documents\workspace-spring-tool-suite-4-4.9.0.RELEASE\SpringSTSEmployeeDetails)
2021-01-02 23:29:45.357  INFO 7428 --- [main] .e.d.SpringStsEmployeeDetailsApplication : No active profile set, falling back to default profiles: default
2021-01-02 23:29:46.202  INFO 7428 --- [main] .s.d.r.c.RepositoryConfigurationDelegate : Bootstrapping Spring Data JPA repositories in DEFAULT mode.
2021-01-02 23:29:46.260  INFO 7428 --- [main] .s.d.r.c.RepositoryConfigurationDelegate : Finished Spring Data repository scanning in 48 ms. Found 1 JPA repository interfaces.
2021-01-02 23:29:46.967  INFO 7428 --- [main] o.s.b.w.embedded.tomcat.TomcatWebServer  : Tomcat initialized with port(s): 9090 (http)
2021-01-02 23:29:46.978  INFO 7428 --- [main] o.apache.catalina.core.StandardService   : Starting service [Tomcat]
2021-01-02 23:29:46.978  INFO 7428 --- [main] org.apache.catalina.core.StandardEngine  : Starting Servlet engine: [Apache Tomcat/9.0.41]
2021-01-02 23:29:46.980  INFO 7428 --- [main] o.a.catalina.core.AprLifecycleListener   : Loaded Apache Tomcat Native library [1.2.25] using APR version [1.7.0].
2021-01-02 23:29:46.980  INFO 7428 --- [main] o.a.catalina.core.AprLifecycleListener   : APR capabilities: IPv6 [true], sendfile [true], accept filters [false], random [true].
2021-01-02 23:29:46.980  INFO 7428 --- [main] o.a.catalina.core.AprLifecycleListener   : APR/OpenSSL configuration: useAprConnector [false], useOpenSSL [true]
2021-01-02 23:29:46.984  INFO 7428 --- [main] o.a.catalina.core.AprLifecycleListener   : OpenSSL successfully initialized [OpenSSL 1.1.1g  21 Apr 2020]
2021-01-02 23:29:47.190  INFO 7428 --- [main] o.a.c.c.C.[Tomcat].[localhost].[/]       : Initializing Spring embedded WebApplicationContext
2021-01-02 23:29:47.190  INFO 7428 --- [main] w.s.c.ServletWebServerApplicationContext : Root WebApplicationContext: initialization completed in 1772 ms
2021-01-02 23:29:47.449  INFO 7428 --- [main] o.hibernate.jpa.internal.util.LogHelper  : HHH000204: Processing PersistenceUnitInfo [name: default]
2021-01-02 23:29:47.523  INFO 7428 --- [main] org.hibernate.Version                    : HHH000412: Hibernate ORM core version 5.4.25.Final
2021-01-02 23:29:47.733  INFO 7428 --- [main] o.hibernate.annotations.common.Version   : HCANN000001: Hibernate Commons Annotations {5.1.2.Final}
2021-01-02 23:29:47.859  INFO 7428 --- [main] com.zaxxer.hikari.HikariDataSource       : HikariPool-1 - Starting...
2021-01-02 23:29:48.311  INFO 7428 --- [main] com.zaxxer.hikari.HikariDataSource       : HikariPool-1 - Start completed.
2021-01-02 23:29:48.334  INFO 7428 --- [main] org.hibernate.dialect.Dialect            : HHH000400: Using dialect: org.hibernate.dialect.MySQL5Dialect
2021-01-02 23:29:49.228  INFO 7428 --- [main] o.h.e.t.j.p.i.JtaPlatformInitiator       : HHH000490: Using JtaPlatform implementation: [org.hibernate.engine.transaction.jta.platform.internal.NoJtaPlatform]
2021-01-02 23:29:49.260  INFO 7428 --- [main] j.LocalContainerEntityManagerFactoryBean : Initialized JPA EntityManagerFactory for persistence unit 'default'
2021-01-02 23:29:49.691  WARN 7428 --- [main] JpaBaseConfiguration$JpaWebConfiguration : spring.jpa.open-in-view is enabled by default. Therefore, database queries may be performed during view rendering. Explicitly configure spring.jpa.open-in-view to disable this warning
2021-01-02 23:29:49.810  INFO 7428 --- [main] o.s.s.concurrent.ThreadPoolTaskExecutor  : Initializing ExecutorService 'applicationTaskExecutor'
2021-01-02 23:29:50.055  INFO 7428 --- [main] o.s.b.w.embedded.tomcat.TomcatWebServer  : Tomcat started on port(s): 9090 (http) with context path ''
2021-01-02 23:29:50.063  INFO 7428 --- [main] .e.d.SpringStsEmployeeDetailsApplication : Started SpringStsEmployeeDetailsApplication in 5.14 seconds (JVM running for 5.918)
2021-01-02 23:29:54.073  INFO 7428 --- [http-nio-9090-exec-2] o.a.c.c.C.[Tomcat].[localhost].[/]       : Initializing Spring DispatcherServlet 'dispatcherServlet'
2021-01-02 23:29:54.073  INFO 7428 --- [http-nio-9090-exec-2] o.s.web.servlet.DispatcherServlet        : Initializing Servlet 'dispatcherServlet'
2021-01-02 23:29:54.074  INFO 7428 --- [http-nio-9090-exec-2] o.s.web.servlet.DispatcherServlet        : Completed initialization in 0 ms
2021-01-02 23:30:26.072  INFO 7428 --- [RMI TCP Connection(8)-127.0.0.1] inMXBeanRegistrar$SpringApplicationAdmin : Application shutdown requested.
2021-01-02 23:30:26.102  INFO 7428 --- [RMI TCP Connection(8)-127.0.0.1] o.s.s.concurrent.ThreadPoolTaskExecutor  : Shutting down ExecutorService 'applicationTaskExecutor'
2021-01-02 23:30:26.103  INFO 7428 --- [RMI TCP Connection(8)-127.0.0.1] j.LocalContainerEntityManagerFactoryBean : Closing JPA EntityManagerFactory for persistence unit 'default'
2021-01-02 23:30:26.105  INFO 7428 --- [RMI TCP Connection(8)-127.0.0.1] com.zaxxer.hikari.HikariDataSource       : HikariPool-1 - Shutdown initiated...
2021-01-02 23:30:26.114  INFO 7428 --- [RMI TCP Connection(8)-127.0.0.1] com.zaxxer.hikari.HikariDataSource       : HikariPool-1 - Shutdown completed.
2021-01-02 23:30:31.844  INFO 13716 --- [main] .e.d.SpringStsEmployeeDetailsApplication : Starting SpringStsEmployeeDetailsApplication using Java 15.0.1 on DESKTOP-8Q96CNP with PID 13716 (C:\Users\it\Documents\workspace-spring-tool-suite-4-4.9.0.RELEASE\SpringSTSEmployeeDetails\target\classes started by it in C:\Users\it\Documents\workspace-spring-tool-suite-4-4.9.0.RELEASE\SpringSTSEmployeeDetails)
2021-01-02 23:30:31.849  INFO 13716 --- [main] .e.d.SpringStsEmployeeDetailsApplication : No active profile set, falling back to default profiles: default
2021-01-02 23:30:32.583  INFO 13716 --- [main] .s.d.r.c.RepositoryConfigurationDelegate : Bootstrapping Spring Data JPA repositories in DEFAULT mode.
2021-01-02 23:30:32.667  INFO 13716 --- [main] .s.d.r.c.RepositoryConfigurationDelegate : Finished Spring Data repository scanning in 72 ms. Found 1 JPA repository interfaces.
2021-01-02 23:30:33.213  INFO 13716 --- [main] o.s.b.w.embedded.tomcat.TomcatWebServer  : Tomcat initialized with port(s): 9090 (http)
2021-01-02 23:30:33.223  INFO 13716 --- [main] o.apache.catalina.core.StandardService   : Starting service [Tomcat]
2021-01-02 23:30:33.223  INFO 13716 --- [main] org.apache.catalina.core.StandardEngine  : Starting Servlet engine: [Apache Tomcat/9.0.41]
2021-01-02 23:30:33.225  INFO 13716 --- [main] o.a.catalina.core.AprLifecycleListener   : Loaded Apache Tomcat Native library [1.2.25] using APR version [1.7.0].
2021-01-02 23:30:33.225  INFO 13716 --- [main] o.a.catalina.core.AprLifecycleListener   : APR capabilities: IPv6 [true], sendfile [true], accept filters [false], random [true].
2021-01-02 23:30:33.225  INFO 13716 --- [main] o.a.catalina.core.AprLifecycleListener   : APR/OpenSSL configuration: useAprConnector [false], useOpenSSL [true]
2021-01-02 23:30:33.229  INFO 13716 --- [main] o.a.catalina.core.AprLifecycleListener   : OpenSSL successfully initialized [OpenSSL 1.1.1g  21 Apr 2020]
2021-01-02 23:30:34.079  INFO 13716 --- [main] o.a.c.c.C.[Tomcat].[localhost].[/]       : Initializing Spring embedded WebApplicationContext
2021-01-02 23:30:34.080  INFO 13716 --- [main] w.s.c.ServletWebServerApplicationContext : Root WebApplicationContext: initialization completed in 2174 ms
2021-01-02 23:30:34.339  INFO 13716 --- [main] o.hibernate.jpa.internal.util.LogHelper  : HHH000204: Processing PersistenceUnitInfo [name: default]
2021-01-02 23:30:34.470  INFO 13716 --- [main] org.hibernate.Version                    : HHH000412: Hibernate ORM core version 5.4.25.Final
2021-01-02 23:30:34.844  INFO 13716 --- [main] o.hibernate.annotations.common.Version   : HCANN000001: Hibernate Commons Annotations {5.1.2.Final}
2021-01-02 23:30:34.991  INFO 13716 --- [main] com.zaxxer.hikari.HikariDataSource       : HikariPool-1 - Starting...
2021-01-02 23:30:35.452  INFO 13716 --- [main] com.zaxxer.hikari.HikariDataSource       : HikariPool-1 - Start completed.
2021-01-02 23:30:35.471  INFO 13716 --- [main] org.hibernate.dialect.Dialect            : HHH000400: Using dialect: org.hibernate.dialect.MySQL5Dialect
2021-01-02 23:30:36.657  INFO 13716 --- [main] o.h.e.t.j.p.i.JtaPlatformInitiator       : HHH000490: Using JtaPlatform implementation: [org.hibernate.engine.transaction.jta.platform.internal.NoJtaPlatform]
2021-01-02 23:30:36.669  INFO 13716 --- [main] j.LocalContainerEntityManagerFactoryBean : Initialized JPA EntityManagerFactory for persistence unit 'default'
2021-01-02 23:30:37.224  WARN 13716 --- [main] JpaBaseConfiguration$JpaWebConfiguration : spring.jpa.open-in-view is enabled by default. Therefore, database queries may be performed during view rendering. Explicitly configure spring.jpa.open-in-view to disable this warning
2021-01-02 23:30:37.363  INFO 13716 --- [main] o.s.s.concurrent.ThreadPoolTaskExecutor  : Initializing ExecutorService 'applicationTaskExecutor'
2021-01-02 23:30:37.650  INFO 13716 --- [main] o.s.b.w.embedded.tomcat.TomcatWebServer  : Tomcat started on port(s): 9090 (http) with context path ''
2021-01-02 23:30:37.659  INFO 13716 --- [main] .e.d.SpringStsEmployeeDetailsApplication : Started SpringStsEmployeeDetailsApplication in 6.254 seconds (JVM running for 7.036)
2021-01-02 23:30:40.497  INFO 13716 --- [http-nio-9090-exec-1] o.a.c.c.C.[Tomcat].[localhost].[/]       : Initializing Spring DispatcherServlet 'dispatcherServlet'
2021-01-02 23:30:40.498  INFO 13716 --- [http-nio-9090-exec-1] o.s.web.servlet.DispatcherServlet        : Initializing Servlet 'dispatcherServlet'
2021-01-02 23:30:40.499  INFO 13716 --- [http-nio-9090-exec-1] o.s.web.servlet.DispatcherServlet        : Completed initialization in 1 ms
2021-01-02 23:31:15.294  INFO 13716 --- [RMI TCP Connection(8)-127.0.0.1] inMXBeanRegistrar$SpringApplicationAdmin : Application shutdown requested.
2021-01-02 23:31:15.321  INFO 13716 --- [RMI TCP Connection(8)-127.0.0.1] o.s.s.concurrent.ThreadPoolTaskExecutor  : Shutting down ExecutorService 'applicationTaskExecutor'
2021-01-02 23:31:15.322  INFO 13716 --- [RMI TCP Connection(8)-127.0.0.1] j.LocalContainerEntityManagerFactoryBean : Closing JPA EntityManagerFactory for persistence unit 'default'
2021-01-02 23:31:15.325  INFO 13716 --- [RMI TCP Connection(8)-127.0.0.1] com.zaxxer.hikari.HikariDataSource       : HikariPool-1 - Shutdown initiated...
2021-01-02 23:31:15.333  INFO 13716 --- [RMI TCP Connection(8)-127.0.0.1] com.zaxxer.hikari.HikariDataSource       : HikariPool-1 - Shutdown completed.
2021-01-02 23:31:20.946  INFO 18920 --- [main] .e.d.SpringStsEmployeeDetailsApplication : Starting SpringStsEmployeeDetailsApplication using Java 15.0.1 on DESKTOP-8Q96CNP with PID 18920 (C:\Users\it\Documents\workspace-spring-tool-suite-4-4.9.0.RELEASE\SpringSTSEmployeeDetails\target\classes started by it in C:\Users\it\Documents\workspace-spring-tool-suite-4-4.9.0.RELEASE\SpringSTSEmployeeDetails)
2021-01-02 23:31:20.949  INFO 18920 --- [main] .e.d.SpringStsEmployeeDetailsApplication : No active profile set, falling back to default profiles: default
2021-01-02 23:31:21.692  INFO 18920 --- [main] .s.d.r.c.RepositoryConfigurationDelegate : Bootstrapping Spring Data JPA repositories in DEFAULT mode.
2021-01-02 23:31:21.746  INFO 18920 --- [main] .s.d.r.c.RepositoryConfigurationDelegate : Finished Spring Data repository scanning in 45 ms. Found 1 JPA repository interfaces.
2021-01-02 23:31:22.261  INFO 18920 --- [main] o.s.b.w.embedded.tomcat.TomcatWebServer  : Tomcat initialized with port(s): 9090 (http)
2021-01-02 23:31:22.271  INFO 18920 --- [main] o.apache.catalina.core.StandardService   : Starting service [Tomcat]
2021-01-02 23:31:22.272  INFO 18920 --- [main] org.apache.catalina.core.StandardEngine  : Starting Servlet engine: [Apache Tomcat/9.0.41]
2021-01-02 23:31:22.273  INFO 18920 --- [main] o.a.catalina.core.AprLifecycleListener   : Loaded Apache Tomcat Native library [1.2.25] using APR version [1.7.0].
2021-01-02 23:31:22.274  INFO 18920 --- [main] o.a.catalina.core.AprLifecycleListener   : APR capabilities: IPv6 [true], sendfile [true], accept filters [false], random [true].
2021-01-02 23:31:22.274  INFO 18920 --- [main] o.a.catalina.core.AprLifecycleListener   : APR/OpenSSL configuration: useAprConnector [false], useOpenSSL [true]
2021-01-02 23:31:22.278  INFO 18920 --- [main] o.a.catalina.core.AprLifecycleListener   : OpenSSL successfully initialized [OpenSSL 1.1.1g  21 Apr 2020]
2021-01-02 23:31:22.503  INFO 18920 --- [main] o.a.c.c.C.[Tomcat].[localhost].[/]       : Initializing Spring embedded WebApplicationContext
2021-01-02 23:31:22.505  INFO 18920 --- [main] w.s.c.ServletWebServerApplicationContext : Root WebApplicationContext: initialization completed in 1495 ms
2021-01-02 23:31:23.000  INFO 18920 --- [main] o.hibernate.jpa.internal.util.LogHelper  : HHH000204: Processing PersistenceUnitInfo [name: default]
2021-01-02 23:31:23.052  INFO 18920 --- [main] org.hibernate.Version                    : HHH000412: Hibernate ORM core version 5.4.25.Final
2021-01-02 23:31:23.216  INFO 18920 --- [main] o.hibernate.annotations.common.Version   : HCANN000001: Hibernate Commons Annotations {5.1.2.Final}
2021-01-02 23:31:23.333  INFO 18920 --- [main] com.zaxxer.hikari.HikariDataSource       : HikariPool-1 - Starting...
2021-01-02 23:31:23.730  INFO 18920 --- [main] com.zaxxer.hikari.HikariDataSource       : HikariPool-1 - Start completed.
2021-01-02 23:31:23.747  INFO 18920 --- [main] org.hibernate.dialect.Dialect            : HHH000400: Using dialect: org.hibernate.dialect.MySQL5Dialect
2021-01-02 23:31:24.516  INFO 18920 --- [main] o.h.e.t.j.p.i.JtaPlatformInitiator       : HHH000490: Using JtaPlatform implementation: [org.hibernate.engine.transaction.jta.platform.internal.NoJtaPlatform]
2021-01-02 23:31:24.526  INFO 18920 --- [main] j.LocalContainerEntityManagerFactoryBean : Initialized JPA EntityManagerFactory for persistence unit 'default'
2021-01-02 23:31:24.921  WARN 18920 --- [main] JpaBaseConfiguration$JpaWebConfiguration : spring.jpa.open-in-view is enabled by default. Therefore, database queries may be performed during view rendering. Explicitly configure spring.jpa.open-in-view to disable this warning
2021-01-02 23:31:25.035  INFO 18920 --- [main] o.s.s.concurrent.ThreadPoolTaskExecutor  : Initializing ExecutorService 'applicationTaskExecutor'
2021-01-02 23:31:25.284  INFO 18920 --- [main] o.s.b.w.embedded.tomcat.TomcatWebServer  : Tomcat started on port(s): 9090 (http) with context path ''
2021-01-02 23:31:25.292  INFO 18920 --- [main] .e.d.SpringStsEmployeeDetailsApplication : Started SpringStsEmployeeDetailsApplication in 4.79 seconds (JVM running for 5.615)
2021-01-02 23:31:31.590  INFO 18920 --- [http-nio-9090-exec-2] o.a.c.c.C.[Tomcat].[localhost].[/]       : Initializing Spring DispatcherServlet 'dispatcherServlet'
2021-01-02 23:31:31.591  INFO 18920 --- [http-nio-9090-exec-2] o.s.web.servlet.DispatcherServlet        : Initializing Servlet 'dispatcherServlet'
2021-01-02 23:31:31.592  INFO 18920 --- [http-nio-9090-exec-2] o.s.web.servlet.DispatcherServlet        : Completed initialization in 1 ms
2021-01-02 23:32:00.385  INFO 18920 --- [RMI TCP Connection(10)-127.0.0.1] inMXBeanRegistrar$SpringApplicationAdmin : Application shutdown requested.
2021-01-02 23:32:00.428  INFO 18920 --- [RMI TCP Connection(10)-127.0.0.1] o.s.s.concurrent.ThreadPoolTaskExecutor  : Shutting down ExecutorService 'applicationTaskExecutor'
2021-01-02 23:32:00.430  INFO 18920 --- [RMI TCP Connection(10)-127.0.0.1] j.LocalContainerEntityManagerFactoryBean : Closing JPA EntityManagerFactory for persistence unit 'default'
2021-01-02 23:32:00.433  INFO 18920 --- [RMI TCP Connection(10)-127.0.0.1] com.zaxxer.hikari.HikariDataSource       : HikariPool-1 - Shutdown initiated...
2021-01-02 23:32:00.496  INFO 18920 --- [RMI TCP Connection(10)-127.0.0.1] com.zaxxer.hikari.HikariDataSource       : HikariPool-1 - Shutdown completed.
2021-01-02 23:32:07.372  INFO 10468 --- [main] .e.d.SpringStsEmployeeDetailsApplication : Starting SpringStsEmployeeDetailsApplication using Java 15.0.1 on DESKTOP-8Q96CNP with PID 10468 (C:\Users\it\Documents\workspace-spring-tool-suite-4-4.9.0.RELEASE\SpringSTSEmployeeDetails\target\classes started by it in C:\Users\it\Documents\workspace-spring-tool-suite-4-4.9.0.RELEASE\SpringSTSEmployeeDetails)
2021-01-02 23:32:07.375  INFO 10468 --- [main] .e.d.SpringStsEmployeeDetailsApplication : No active profile set, falling back to default profiles: default
2021-01-02 23:32:08.095  INFO 10468 --- [main] .s.d.r.c.RepositoryConfigurationDelegate : Bootstrapping Spring Data JPA repositories in DEFAULT mode.
2021-01-02 23:32:08.151  INFO 10468 --- [main] .s.d.r.c.RepositoryConfigurationDelegate : Finished Spring Data repository scanning in 47 ms. Found 1 JPA repository interfaces.
2021-01-02 23:32:08.669  INFO 10468 --- [main] o.s.b.w.embedded.tomcat.TomcatWebServer  : Tomcat initialized with port(s): 9090 (http)
2021-01-02 23:32:08.679  INFO 10468 --- [main] o.apache.catalina.core.StandardService   : Starting service [Tomcat]
2021-01-02 23:32:08.679  INFO 10468 --- [main] org.apache.catalina.core.StandardEngine  : Starting Servlet engine: [Apache Tomcat/9.0.41]
2021-01-02 23:32:08.680  INFO 10468 --- [main] o.a.catalina.core.AprLifecycleListener   : Loaded Apache Tomcat Native library [1.2.25] using APR version [1.7.0].
2021-01-02 23:32:08.681  INFO 10468 --- [main] o.a.catalina.core.AprLifecycleListener   : APR capabilities: IPv6 [true], sendfile [true], accept filters [false], random [true].
2021-01-02 23:32:08.681  INFO 10468 --- [main] o.a.catalina.core.AprLifecycleListener   : APR/OpenSSL configuration: useAprConnector [false], useOpenSSL [true]
2021-01-02 23:32:08.685  INFO 10468 --- [main] o.a.catalina.core.AprLifecycleListener   : OpenSSL successfully initialized [OpenSSL 1.1.1g  21 Apr 2020]
2021-01-02 23:32:08.812  INFO 10468 --- [main] o.a.c.c.C.[Tomcat].[localhost].[/]       : Initializing Spring embedded WebApplicationContext
2021-01-02 23:32:08.813  INFO 10468 --- [main] w.s.c.ServletWebServerApplicationContext : Root WebApplicationContext: initialization completed in 1364 ms
2021-01-02 23:32:09.051  INFO 10468 --- [main] o.hibernate.jpa.internal.util.LogHelper  : HHH000204: Processing PersistenceUnitInfo [name: default]
2021-01-02 23:32:09.121  INFO 10468 --- [main] org.hibernate.Version                    : HHH000412: Hibernate ORM core version 5.4.25.Final
2021-01-02 23:32:09.308  INFO 10468 --- [main] o.hibernate.annotations.common.Version   : HCANN000001: Hibernate Commons Annotations {5.1.2.Final}
2021-01-02 23:32:09.431  INFO 10468 --- [main] com.zaxxer.hikari.HikariDataSource       : HikariPool-1 - Starting...
2021-01-02 23:32:10.066  INFO 10468 --- [main] com.zaxxer.hikari.HikariDataSource       : HikariPool-1 - Start completed.
2021-01-02 23:32:10.091  INFO 10468 --- [main] org.hibernate.dialect.Dialect            : HHH000400: Using dialect: org.hibernate.dialect.MySQL5Dialect
2021-01-02 23:32:11.333  INFO 10468 --- [main] o.h.e.t.j.p.i.JtaPlatformInitiator       : HHH000490: Using JtaPlatform implementation: [org.hibernate.engine.transaction.jta.platform.internal.NoJtaPlatform]
2021-01-02 23:32:11.354  INFO 10468 --- [main] j.LocalContainerEntityManagerFactoryBean : Initialized JPA EntityManagerFactory for persistence unit 'default'
2021-01-02 23:32:11.740  WARN 10468 --- [main] JpaBaseConfiguration$JpaWebConfiguration : spring.jpa.open-in-view is enabled by default. Therefore, database queries may be performed during view rendering. Explicitly configure spring.jpa.open-in-view to disable this warning
2021-01-02 23:32:11.862  INFO 10468 --- [main] o.s.s.concurrent.ThreadPoolTaskExecutor  : Initializing ExecutorService 'applicationTaskExecutor'
2021-01-02 23:32:12.137  INFO 10468 --- [main] o.s.b.w.embedded.tomcat.TomcatWebServer  : Tomcat started on port(s): 9090 (http) with context path ''
2021-01-02 23:32:12.153  INFO 10468 --- [main] .e.d.SpringStsEmployeeDetailsApplication : Started SpringStsEmployeeDetailsApplication in 5.226 seconds (JVM running for 6.043)
2021-01-02 23:32:23.430  INFO 10468 --- [http-nio-9090-exec-1] o.a.c.c.C.[Tomcat].[localhost].[/]       : Initializing Spring DispatcherServlet 'dispatcherServlet'
2021-01-02 23:32:23.431  INFO 10468 --- [http-nio-9090-exec-1] o.s.web.servlet.DispatcherServlet        : Initializing Servlet 'dispatcherServlet'
2021-01-02 23:32:23.433  INFO 10468 --- [http-nio-9090-exec-1] o.s.web.servlet.DispatcherServlet        : Completed initialization in 2 ms
2021-01-02 23:33:03.257  INFO 10468 --- [RMI TCP Connection(6)-127.0.0.1] inMXBeanRegistrar$SpringApplicationAdmin : Application shutdown requested.
2021-01-02 23:33:03.287  INFO 10468 --- [RMI TCP Connection(6)-127.0.0.1] o.s.s.concurrent.ThreadPoolTaskExecutor  : Shutting down ExecutorService 'applicationTaskExecutor'
2021-01-02 23:33:03.289  INFO 10468 --- [RMI TCP Connection(6)-127.0.0.1] j.LocalContainerEntityManagerFactoryBean : Closing JPA EntityManagerFactory for persistence unit 'default'
2021-01-02 23:33:03.292  INFO 10468 --- [RMI TCP Connection(6)-127.0.0.1] com.zaxxer.hikari.HikariDataSource       : HikariPool-1 - Shutdown initiated...
2021-01-02 23:33:03.303  INFO 10468 --- [RMI TCP Connection(6)-127.0.0.1] com.zaxxer.hikari.HikariDataSource       : HikariPool-1 - Shutdown completed.
2021-01-02 23:33:08.639  INFO 17296 --- [main] .e.d.SpringStsEmployeeDetailsApplication : Starting SpringStsEmployeeDetailsApplication using Java 15.0.1 on DESKTOP-8Q96CNP with PID 17296 (C:\Users\it\Documents\workspace-spring-tool-suite-4-4.9.0.RELEASE\SpringSTSEmployeeDetails\target\classes started by it in C:\Users\it\Documents\workspace-spring-tool-suite-4-4.9.0.RELEASE\SpringSTSEmployeeDetails)
2021-01-02 23:33:08.642  INFO 17296 --- [main] .e.d.SpringStsEmployeeDetailsApplication : No active profile set, falling back to default profiles: default
2021-01-02 23:33:09.534  INFO 17296 --- [main] .s.d.r.c.RepositoryConfigurationDelegate : Bootstrapping Spring Data JPA repositories in DEFAULT mode.
2021-01-02 23:33:09.599  INFO 17296 --- [main] .s.d.r.c.RepositoryConfigurationDelegate : Finished Spring Data repository scanning in 50 ms. Found 1 JPA repository interfaces.
2021-01-02 23:33:10.133  INFO 17296 --- [main] o.s.b.w.embedded.tomcat.TomcatWebServer  : Tomcat initialized with port(s): 9090 (http)
2021-01-02 23:33:10.143  INFO 17296 --- [main] o.apache.catalina.core.StandardService   : Starting service [Tomcat]
2021-01-02 23:33:10.144  INFO 17296 --- [main] org.apache.catalina.core.StandardEngine  : Starting Servlet engine: [Apache Tomcat/9.0.41]
2021-01-02 23:33:10.145  INFO 17296 --- [main] o.a.catalina.core.AprLifecycleListener   : Loaded Apache Tomcat Native library [1.2.25] using APR version [1.7.0].
2021-01-02 23:33:10.146  INFO 17296 --- [main] o.a.catalina.core.AprLifecycleListener   : APR capabilities: IPv6 [true], sendfile [true], accept filters [false], random [true].
2021-01-02 23:33:10.146  INFO 17296 --- [main] o.a.catalina.core.AprLifecycleListener   : APR/OpenSSL configuration: useAprConnector [false], useOpenSSL [true]
2021-01-02 23:33:10.151  INFO 17296 --- [main] o.a.catalina.core.AprLifecycleListener   : OpenSSL successfully initialized [OpenSSL 1.1.1g  21 Apr 2020]
2021-01-02 23:33:10.340  INFO 17296 --- [main] o.a.c.c.C.[Tomcat].[localhost].[/]       : Initializing Spring embedded WebApplicationContext
2021-01-02 23:33:10.341  INFO 17296 --- [main] w.s.c.ServletWebServerApplicationContext : Root WebApplicationContext: initialization completed in 1630 ms
2021-01-02 23:33:10.617  INFO 17296 --- [main] o.hibernate.jpa.internal.util.LogHelper  : HHH000204: Processing PersistenceUnitInfo [name: default]
2021-01-02 23:33:10.687  INFO 17296 --- [main] org.hibernate.Version                    : HHH000412: Hibernate ORM core version 5.4.25.Final
2021-01-02 23:33:10.852  INFO 17296 --- [main] o.hibernate.annotations.common.Version   : HCANN000001: Hibernate Commons Annotations {5.1.2.Final}
2021-01-02 23:33:10.996  INFO 17296 --- [main] com.zaxxer.hikari.HikariDataSource       : HikariPool-1 - Starting...
2021-01-02 23:33:11.482  INFO 17296 --- [main] com.zaxxer.hikari.HikariDataSource       : HikariPool-1 - Start completed.
2021-01-02 23:33:11.499  INFO 17296 --- [main] org.hibernate.dialect.Dialect            : HHH000400: Using dialect: org.hibernate.dialect.MySQL5Dialect
2021-01-02 23:33:12.514  INFO 17296 --- [main] o.h.e.t.j.p.i.JtaPlatformInitiator       : HHH000490: Using JtaPlatform implementation: [org.hibernate.engine.transaction.jta.platform.internal.NoJtaPlatform]
2021-01-02 23:33:12.533  INFO 17296 --- [main] j.LocalContainerEntityManagerFactoryBean : Initialized JPA EntityManagerFactory for persistence unit 'default'
2021-01-02 23:33:13.025  WARN 17296 --- [main] JpaBaseConfiguration$JpaWebConfiguration : spring.jpa.open-in-view is enabled by default. Therefore, database queries may be performed during view rendering. Explicitly configure spring.jpa.open-in-view to disable this warning
2021-01-02 23:33:13.144  INFO 17296 --- [main] o.s.s.concurrent.ThreadPoolTaskExecutor  : Initializing ExecutorService 'applicationTaskExecutor'
2021-01-02 23:33:13.408  INFO 17296 --- [main] o.s.b.w.embedded.tomcat.TomcatWebServer  : Tomcat started on port(s): 9090 (http) with context path ''
2021-01-02 23:33:13.417  INFO 17296 --- [main] .e.d.SpringStsEmployeeDetailsApplication : Started SpringStsEmployeeDetailsApplication in 5.211 seconds (JVM running for 6.041)
2021-01-02 23:33:17.303  INFO 17296 --- [http-nio-9090-exec-1] o.a.c.c.C.[Tomcat].[localhost].[/]       : Initializing Spring DispatcherServlet 'dispatcherServlet'
2021-01-02 23:33:17.304  INFO 17296 --- [http-nio-9090-exec-1] o.s.web.servlet.DispatcherServlet        : Initializing Servlet 'dispatcherServlet'
2021-01-02 23:33:17.304  INFO 17296 --- [http-nio-9090-exec-1] o.s.web.servlet.DispatcherServlet        : Completed initialization in 0 ms
2021-01-02 23:41:36.992  INFO 17296 --- [RMI TCP Connection(17)-127.0.0.1] inMXBeanRegistrar$SpringApplicationAdmin : Application shutdown requested.
2021-01-02 23:41:37.079  INFO 17296 --- [RMI TCP Connection(17)-127.0.0.1] o.s.s.concurrent.ThreadPoolTaskExecutor  : Shutting down ExecutorService 'applicationTaskExecutor'
2021-01-02 23:41:37.081  INFO 17296 --- [RMI TCP Connection(17)-127.0.0.1] j.LocalContainerEntityManagerFactoryBean : Closing JPA EntityManagerFactory for persistence unit 'default'
2021-01-02 23:41:37.086  INFO 17296 --- [RMI TCP Connection(17)-127.0.0.1] com.zaxxer.hikari.HikariDataSource       : HikariPool-1 - Shutdown initiated...
2021-01-02 23:41:37.157  INFO 17296 --- [RMI TCP Connection(17)-127.0.0.1] com.zaxxer.hikari.HikariDataSource       : HikariPool-1 - Shutdown completed.
2021-01-02 23:41:43.880  INFO 16280 --- [main] .e.d.SpringStsEmployeeDetailsApplication : Starting SpringStsEmployeeDetailsApplication using Java 15.0.1 on DESKTOP-8Q96CNP with PID 16280 (C:\Users\it\Documents\workspace-spring-tool-suite-4-4.9.0.RELEASE\SpringSTSEmployeeDetails\target\classes started by it in C:\Users\it\Documents\workspace-spring-tool-suite-4-4.9.0.RELEASE\SpringSTSEmployeeDetails)
2021-01-02 23:41:43.886  INFO 16280 --- [main] .e.d.SpringStsEmployeeDetailsApplication : No active profile set, falling back to default profiles: default
2021-01-02 23:41:44.847  INFO 16280 --- [main] .s.d.r.c.RepositoryConfigurationDelegate : Bootstrapping Spring Data JPA repositories in DEFAULT mode.
2021-01-02 23:41:44.903  INFO 16280 --- [main] .s.d.r.c.RepositoryConfigurationDelegate : Finished Spring Data repository scanning in 46 ms. Found 1 JPA repository interfaces.
2021-01-02 23:41:45.429  INFO 16280 --- [main] o.s.b.w.embedded.tomcat.TomcatWebServer  : Tomcat initialized with port(s): 9090 (http)
2021-01-02 23:41:45.440  INFO 16280 --- [main] o.apache.catalina.core.StandardService   : Starting service [Tomcat]
2021-01-02 23:41:45.440  INFO 16280 --- [main] org.apache.catalina.core.StandardEngine  : Starting Servlet engine: [Apache Tomcat/9.0.41]
2021-01-02 23:41:45.442  INFO 16280 --- [main] o.a.catalina.core.AprLifecycleListener   : Loaded Apache Tomcat Native library [1.2.25] using APR version [1.7.0].
2021-01-02 23:41:45.442  INFO 16280 --- [main] o.a.catalina.core.AprLifecycleListener   : APR capabilities: IPv6 [true], sendfile [true], accept filters [false], random [true].
2021-01-02 23:41:45.442  INFO 16280 --- [main] o.a.catalina.core.AprLifecycleListener   : APR/OpenSSL configuration: useAprConnector [false], useOpenSSL [true]
2021-01-02 23:41:45.445  INFO 16280 --- [main] o.a.catalina.core.AprLifecycleListener   : OpenSSL successfully initialized [OpenSSL 1.1.1g  21 Apr 2020]
2021-01-02 23:41:45.576  INFO 16280 --- [main] o.a.c.c.C.[Tomcat].[localhost].[/]       : Initializing Spring embedded WebApplicationContext
2021-01-02 23:41:45.576  INFO 16280 --- [main] w.s.c.ServletWebServerApplicationContext : Root WebApplicationContext: initialization completed in 1631 ms
2021-01-02 23:41:45.841  INFO 16280 --- [main] o.hibernate.jpa.internal.util.LogHelper  : HHH000204: Processing PersistenceUnitInfo [name: default]
2021-01-02 23:41:45.919  INFO 16280 --- [main] org.hibernate.Version                    : HHH000412: Hibernate ORM core version 5.4.25.Final
2021-01-02 23:41:46.086  INFO 16280 --- [main] o.hibernate.annotations.common.Version   : HCANN000001: Hibernate Commons Annotations {5.1.2.Final}
2021-01-02 23:41:46.216  INFO 16280 --- [main] com.zaxxer.hikari.HikariDataSource       : HikariPool-1 - Starting...
2021-01-02 23:41:46.899  INFO 16280 --- [main] com.zaxxer.hikari.HikariDataSource       : HikariPool-1 - Start completed.
2021-01-02 23:41:46.923  INFO 16280 --- [main] org.hibernate.dialect.Dialect            : HHH000400: Using dialect: org.hibernate.dialect.MySQL5Dialect
2021-01-02 23:41:48.737  INFO 16280 --- [main] o.h.e.t.j.p.i.JtaPlatformInitiator       : HHH000490: Using JtaPlatform implementation: [org.hibernate.engine.transaction.jta.platform.internal.NoJtaPlatform]
2021-01-02 23:41:48.762  INFO 16280 --- [main] j.LocalContainerEntityManagerFactoryBean : Initialized JPA EntityManagerFactory for persistence unit 'default'
2021-01-02 23:41:49.169  WARN 16280 --- [main] JpaBaseConfiguration$JpaWebConfiguration : spring.jpa.open-in-view is enabled by default. Therefore, database queries may be performed during view rendering. Explicitly configure spring.jpa.open-in-view to disable this warning
2021-01-02 23:41:49.279  INFO 16280 --- [main] o.s.s.concurrent.ThreadPoolTaskExecutor  : Initializing ExecutorService 'applicationTaskExecutor'
2021-01-02 23:41:49.544  INFO 16280 --- [main] o.s.b.w.embedded.tomcat.TomcatWebServer  : Tomcat started on port(s): 9090 (http) with context path ''
2021-01-02 23:41:49.572  INFO 16280 --- [main] .e.d.SpringStsEmployeeDetailsApplication : Started SpringStsEmployeeDetailsApplication in 6.179 seconds (JVM running for 7.151)
2021-01-02 23:42:08.711  INFO 16280 --- [http-nio-9090-exec-1] o.a.c.c.C.[Tomcat].[localhost].[/]       : Initializing Spring DispatcherServlet 'dispatcherServlet'
2021-01-02 23:42:08.712  INFO 16280 --- [http-nio-9090-exec-1] o.s.web.servlet.DispatcherServlet        : Initializing Servlet 'dispatcherServlet'
2021-01-02 23:42:08.714  INFO 16280 --- [http-nio-9090-exec-1] o.s.web.servlet.DispatcherServlet        : Completed initialization in 2 ms
2021-01-02 23:43:25.127  INFO 16280 --- [RMI TCP Connection(9)-127.0.0.1] inMXBeanRegistrar$SpringApplicationAdmin : Application shutdown requested.
2021-01-02 23:43:25.158  INFO 16280 --- [RMI TCP Connection(9)-127.0.0.1] o.s.s.concurrent.ThreadPoolTaskExecutor  : Shutting down ExecutorService 'applicationTaskExecutor'
2021-01-02 23:43:25.160  INFO 16280 --- [RMI TCP Connection(9)-127.0.0.1] j.LocalContainerEntityManagerFactoryBean : Closing JPA EntityManagerFactory for persistence unit 'default'
2021-01-02 23:43:25.162  INFO 16280 --- [RMI TCP Connection(9)-127.0.0.1] com.zaxxer.hikari.HikariDataSource       : HikariPool-1 - Shutdown initiated...
2021-01-02 23:43:25.181  INFO 16280 --- [RMI TCP Connection(9)-127.0.0.1] com.zaxxer.hikari.HikariDataSource       : HikariPool-1 - Shutdown completed.
2021-01-02 23:43:30.708  INFO 5760 --- [main] .e.d.SpringStsEmployeeDetailsApplication : Starting SpringStsEmployeeDetailsApplication using Java 15.0.1 on DESKTOP-8Q96CNP with PID 5760 (C:\Users\it\Documents\workspace-spring-tool-suite-4-4.9.0.RELEASE\SpringSTSEmployeeDetails\target\classes started by it in C:\Users\it\Documents\workspace-spring-tool-suite-4-4.9.0.RELEASE\SpringSTSEmployeeDetails)
2021-01-02 23:43:30.711  INFO 5760 --- [main] .e.d.SpringStsEmployeeDetailsApplication : No active profile set, falling back to default profiles: default
2021-01-02 23:43:31.601  INFO 5760 --- [main] .s.d.r.c.RepositoryConfigurationDelegate : Bootstrapping Spring Data JPA repositories in DEFAULT mode.
2021-01-02 23:43:31.658  INFO 5760 --- [main] .s.d.r.c.RepositoryConfigurationDelegate : Finished Spring Data repository scanning in 48 ms. Found 1 JPA repository interfaces.
2021-01-02 23:43:32.193  INFO 5760 --- [main] o.s.b.w.embedded.tomcat.TomcatWebServer  : Tomcat initialized with port(s): 9090 (http)
2021-01-02 23:43:32.203  INFO 5760 --- [main] o.apache.catalina.core.StandardService   : Starting service [Tomcat]
2021-01-02 23:43:32.203  INFO 5760 --- [main] org.apache.catalina.core.StandardEngine  : Starting Servlet engine: [Apache Tomcat/9.0.41]
2021-01-02 23:43:32.205  INFO 5760 --- [main] o.a.catalina.core.AprLifecycleListener   : Loaded Apache Tomcat Native library [1.2.25] using APR version [1.7.0].
2021-01-02 23:43:32.205  INFO 5760 --- [main] o.a.catalina.core.AprLifecycleListener   : APR capabilities: IPv6 [true], sendfile [true], accept filters [false], random [true].
2021-01-02 23:43:32.206  INFO 5760 --- [main] o.a.catalina.core.AprLifecycleListener   : APR/OpenSSL configuration: useAprConnector [false], useOpenSSL [true]
2021-01-02 23:43:32.209  INFO 5760 --- [main] o.a.catalina.core.AprLifecycleListener   : OpenSSL successfully initialized [OpenSSL 1.1.1g  21 Apr 2020]
2021-01-02 23:43:32.336  INFO 5760 --- [main] o.a.c.c.C.[Tomcat].[localhost].[/]       : Initializing Spring embedded WebApplicationContext
2021-01-02 23:43:32.337  INFO 5760 --- [main] w.s.c.ServletWebServerApplicationContext : Root WebApplicationContext: initialization completed in 1566 ms
2021-01-02 23:43:32.587  INFO 5760 --- [main] o.hibernate.jpa.internal.util.LogHelper  : HHH000204: Processing PersistenceUnitInfo [name: default]
2021-01-02 23:43:32.666  INFO 5760 --- [main] org.hibernate.Version                    : HHH000412: Hibernate ORM core version 5.4.25.Final
2021-01-02 23:43:32.841  INFO 5760 --- [main] o.hibernate.annotations.common.Version   : HCANN000001: Hibernate Commons Annotations {5.1.2.Final}
2021-01-02 23:43:32.966  INFO 5760 --- [main] com.zaxxer.hikari.HikariDataSource       : HikariPool-1 - Starting...
2021-01-02 23:43:33.584  INFO 5760 --- [main] com.zaxxer.hikari.HikariDataSource       : HikariPool-1 - Start completed.
2021-01-02 23:43:33.606  INFO 5760 --- [main] org.hibernate.dialect.Dialect            : HHH000400: Using dialect: org.hibernate.dialect.MySQL5Dialect
2021-01-02 23:43:34.527  INFO 5760 --- [main] o.h.e.t.j.p.i.JtaPlatformInitiator       : HHH000490: Using JtaPlatform implementation: [org.hibernate.engine.transaction.jta.platform.internal.NoJtaPlatform]
2021-01-02 23:43:34.548  INFO 5760 --- [main] j.LocalContainerEntityManagerFactoryBean : Initialized JPA EntityManagerFactory for persistence unit 'default'
2021-01-02 23:43:34.956  WARN 5760 --- [main] JpaBaseConfiguration$JpaWebConfiguration : spring.jpa.open-in-view is enabled by default. Therefore, database queries may be performed during view rendering. Explicitly configure spring.jpa.open-in-view to disable this warning
2021-01-02 23:43:35.055  INFO 5760 --- [main] o.s.s.concurrent.ThreadPoolTaskExecutor  : Initializing ExecutorService 'applicationTaskExecutor'
2021-01-02 23:43:35.301  INFO 5760 --- [main] o.s.b.w.embedded.tomcat.TomcatWebServer  : Tomcat started on port(s): 9090 (http) with context path ''
2021-01-02 23:43:35.309  INFO 5760 --- [main] .e.d.SpringStsEmployeeDetailsApplication : Started SpringStsEmployeeDetailsApplication in 5.034 seconds (JVM running for 5.824)
2021-01-02 23:43:45.734  INFO 5760 --- [http-nio-9090-exec-2] o.a.c.c.C.[Tomcat].[localhost].[/]       : Initializing Spring DispatcherServlet 'dispatcherServlet'
2021-01-02 23:43:45.734  INFO 5760 --- [http-nio-9090-exec-2] o.s.web.servlet.DispatcherServlet        : Initializing Servlet 'dispatcherServlet'
2021-01-02 23:43:45.735  INFO 5760 --- [http-nio-9090-exec-2] o.s.web.servlet.DispatcherServlet        : Completed initialization in 0 ms
2021-01-02 23:45:22.918  INFO 5760 --- [RMI TCP Connection(11)-127.0.0.1] inMXBeanRegistrar$SpringApplicationAdmin : Application shutdown requested.
2021-01-02 23:45:22.946  INFO 5760 --- [RMI TCP Connection(11)-127.0.0.1] o.s.s.concurrent.ThreadPoolTaskExecutor  : Shutting down ExecutorService 'applicationTaskExecutor'
2021-01-02 23:45:22.947  INFO 5760 --- [RMI TCP Connection(11)-127.0.0.1] j.LocalContainerEntityManagerFactoryBean : Closing JPA EntityManagerFactory for persistence unit 'default'
2021-01-02 23:45:22.949  INFO 5760 --- [RMI TCP Connection(11)-127.0.0.1] com.zaxxer.hikari.HikariDataSource       : HikariPool-1 - Shutdown initiated...
2021-01-02 23:45:22.957  INFO 5760 --- [RMI TCP Connection(11)-127.0.0.1] com.zaxxer.hikari.HikariDataSource       : HikariPool-1 - Shutdown completed.
2021-01-02 23:45:28.620  INFO 76 --- [main] .e.d.SpringStsEmployeeDetailsApplication : Starting SpringStsEmployeeDetailsApplication using Java 15.0.1 on DESKTOP-8Q96CNP with PID 76 (C:\Users\it\Documents\workspace-spring-tool-suite-4-4.9.0.RELEASE\SpringSTSEmployeeDetails\target\classes started by it in C:\Users\it\Documents\workspace-spring-tool-suite-4-4.9.0.RELEASE\SpringSTSEmployeeDetails)
2021-01-02 23:45:28.625  INFO 76 --- [main] .e.d.SpringStsEmployeeDetailsApplication : No active profile set, falling back to default profiles: default
2021-01-02 23:45:29.320  INFO 76 --- [main] .s.d.r.c.RepositoryConfigurationDelegate : Bootstrapping Spring Data JPA repositories in DEFAULT mode.
2021-01-02 23:45:29.378  INFO 76 --- [main] .s.d.r.c.RepositoryConfigurationDelegate : Finished Spring Data repository scanning in 48 ms. Found 1 JPA repository interfaces.
2021-01-02 23:45:29.889  INFO 76 --- [main] o.s.b.w.embedded.tomcat.TomcatWebServer  : Tomcat initialized with port(s): 9090 (http)
2021-01-02 23:45:29.899  INFO 76 --- [main] o.apache.catalina.core.StandardService   : Starting service [Tomcat]
2021-01-02 23:45:29.899  INFO 76 --- [main] org.apache.catalina.core.StandardEngine  : Starting Servlet engine: [Apache Tomcat/9.0.41]
2021-01-02 23:45:29.901  INFO 76 --- [main] o.a.catalina.core.AprLifecycleListener   : Loaded Apache Tomcat Native library [1.2.25] using APR version [1.7.0].
2021-01-02 23:45:29.902  INFO 76 --- [main] o.a.catalina.core.AprLifecycleListener   : APR capabilities: IPv6 [true], sendfile [true], accept filters [false], random [true].
2021-01-02 23:45:29.902  INFO 76 --- [main] o.a.catalina.core.AprLifecycleListener   : APR/OpenSSL configuration: useAprConnector [false], useOpenSSL [true]
2021-01-02 23:45:29.905  INFO 76 --- [main] o.a.catalina.core.AprLifecycleListener   : OpenSSL successfully initialized [OpenSSL 1.1.1g  21 Apr 2020]
2021-01-02 23:45:30.118  INFO 76 --- [main] o.a.c.c.C.[Tomcat].[localhost].[/]       : Initializing Spring embedded WebApplicationContext
2021-01-02 23:45:30.118  INFO 76 --- [main] w.s.c.ServletWebServerApplicationContext : Root WebApplicationContext: initialization completed in 1431 ms
2021-01-02 23:45:30.396  INFO 76 --- [main] o.hibernate.jpa.internal.util.LogHelper  : HHH000204: Processing PersistenceUnitInfo [name: default]
2021-01-02 23:45:30.453  INFO 76 --- [main] org.hibernate.Version                    : HHH000412: Hibernate ORM core version 5.4.25.Final
2021-01-02 23:45:30.614  INFO 76 --- [main] o.hibernate.annotations.common.Version   : HCANN000001: Hibernate Commons Annotations {5.1.2.Final}
2021-01-02 23:45:30.732  INFO 76 --- [main] com.zaxxer.hikari.HikariDataSource       : HikariPool-1 - Starting...
2021-01-02 23:45:31.208  INFO 76 --- [main] com.zaxxer.hikari.HikariDataSource       : HikariPool-1 - Start completed.
2021-01-02 23:45:31.234  INFO 76 --- [main] org.hibernate.dialect.Dialect            : HHH000400: Using dialect: org.hibernate.dialect.MySQL5Dialect
2021-01-02 23:45:32.064  INFO 76 --- [main] o.h.e.t.j.p.i.JtaPlatformInitiator       : HHH000490: Using JtaPlatform implementation: [org.hibernate.engine.transaction.jta.platform.internal.NoJtaPlatform]
2021-01-02 23:45:32.085  INFO 76 --- [main] j.LocalContainerEntityManagerFactoryBean : Initialized JPA EntityManagerFactory for persistence unit 'default'
2021-01-02 23:45:32.512  WARN 76 --- [main] JpaBaseConfiguration$JpaWebConfiguration : spring.jpa.open-in-view is enabled by default. Therefore, database queries may be performed during view rendering. Explicitly configure spring.jpa.open-in-view to disable this warning
2021-01-02 23:45:32.655  INFO 76 --- [main] o.s.s.concurrent.ThreadPoolTaskExecutor  : Initializing ExecutorService 'applicationTaskExecutor'
2021-01-02 23:45:32.939  INFO 76 --- [main] o.s.b.w.embedded.tomcat.TomcatWebServer  : Tomcat started on port(s): 9090 (http) with context path ''
2021-01-02 23:45:32.949  INFO 76 --- [main] .e.d.SpringStsEmployeeDetailsApplication : Started SpringStsEmployeeDetailsApplication in 5.066 seconds (JVM running for 5.922)
2021-01-02 23:45:37.428  INFO 76 --- [http-nio-9090-exec-2] o.a.c.c.C.[Tomcat].[localhost].[/]       : Initializing Spring DispatcherServlet 'dispatcherServlet'
2021-01-02 23:45:37.428  INFO 76 --- [http-nio-9090-exec-2] o.s.web.servlet.DispatcherServlet        : Initializing Servlet 'dispatcherServlet'
2021-01-02 23:45:37.430  INFO 76 --- [http-nio-9090-exec-2] o.s.web.servlet.DispatcherServlet        : Completed initialization in 1 ms
2021-01-02 23:46:00.190  INFO 76 --- [RMI TCP Connection(4)-127.0.0.1] inMXBeanRegistrar$SpringApplicationAdmin : Application shutdown requested.
2021-01-02 23:46:00.247  INFO 76 --- [RMI TCP Connection(4)-127.0.0.1] o.s.s.concurrent.ThreadPoolTaskExecutor  : Shutting down ExecutorService 'applicationTaskExecutor'
2021-01-02 23:46:00.248  INFO 76 --- [RMI TCP Connection(4)-127.0.0.1] j.LocalContainerEntityManagerFactoryBean : Closing JPA EntityManagerFactory for persistence unit 'default'
2021-01-02 23:46:00.251  INFO 76 --- [RMI TCP Connection(4)-127.0.0.1] com.zaxxer.hikari.HikariDataSource       : HikariPool-1 - Shutdown initiated...
2021-01-02 23:46:00.293  INFO 76 --- [RMI TCP Connection(4)-127.0.0.1] com.zaxxer.hikari.HikariDataSource       : HikariPool-1 - Shutdown completed.
